Log file open, 08/28/18 09:26:00
LogWindows: Failed to load 'aqProf.dll' (GetLastError=126)
LogWindows: File 'aqProf.dll' does not exist
LogWindows: Failed to load 'VtuneApi.dll' (GetLastError=126)
LogWindows: File 'VtuneApi.dll' does not exist
LogWindows: Failed to load 'VtuneApi32e.dll' (GetLastError=126)
LogWindows: File 'VtuneApi32e.dll' does not exist
LogInit: Display: Running engine for game: CoopHorrorProject
LogPlatformFile: Not using cached read wrapper
LogTaskGraph: Started task graph with 5 named threads and 23 total threads with 3 sets of task threads.
LogStats: Stats thread started at 0.280655
LogD3D11RHI: Loaded GFSDK_Aftermath_Lib.x64.dll
LogICUInternationalization: Display: ICU TimeZone Detection - Raw Offset: -7:00, Platform Override: ''
LogPluginManager: Mounting plugin Paper2D
LogPluginManager: Mounting plugin AISupport
LogPluginManager: Mounting plugin LightPropagationVolume
LogPluginManager: Mounting plugin CLionSourceCodeAccess
LogPluginManager: Mounting plugin CodeLiteSourceCodeAccess
LogPluginManager: Mounting plugin GitSourceControl
LogPluginManager: Mounting plugin KDevelopSourceCodeAccess
LogPluginManager: Mounting plugin NullSourceCodeAccess
LogPluginManager: Mounting plugin PerforceSourceControl
LogPluginManager: Mounting plugin SubversionSourceControl
LogPluginManager: Mounting plugin UObjectPlugin
LogPluginManager: Mounting plugin VisualStudioCodeSourceCodeAccess
LogPluginManager: Mounting plugin VisualStudioSourceCodeAccess
LogPluginManager: Mounting plugin XCodeSourceCodeAccess
LogPluginManager: Mounting plugin AssetManagerEditor
LogPluginManager: Mounting plugin CryptoKeys
LogPluginManager: Mounting plugin DataValidation
LogPluginManager: Mounting plugin FacialAnimation
LogPluginManager: Mounting plugin GameplayTagsEditor
LogPluginManager: Mounting plugin MacGraphicsSwitching
LogPluginManager: Mounting plugin MeshEditor
LogPluginManager: Mounting plugin MobileLauncherProfileWizard
LogPluginManager: Mounting plugin PluginBrowser
LogPluginManager: Mounting plugin SpeedTreeImporter
LogPluginManager: Mounting plugin DatasmithContent
LogPluginManager: Mounting plugin AlembicImporter
LogPluginManager: Mounting plugin AppleImageUtils
LogPluginManager: Mounting plugin AppleVision
LogPluginManager: Mounting plugin BackChannel
LogPluginManager: Mounting plugin CharacterAI
LogPluginManager: Mounting plugin GeometryCache
LogPluginManager: Mounting plugin HTML5Networking
LogPluginManager: Mounting plugin ProxyLODPlugin
LogPluginManager: Mounting plugin MagicLeap
LogPluginManager: Mounting plugin MagicLeapEmulator
LogPluginManager: Mounting plugin MagicLeapMedia
LogPluginManager: Mounting plugin AndroidMedia
LogPluginManager: Mounting plugin AvfMedia
LogPluginManager: Mounting plugin ImgMedia
LogPluginManager: Mounting plugin LinearTimecode
LogPluginManager: Mounting plugin MediaCompositing
LogPluginManager: Mounting plugin MediaPlayerEditor
LogPluginManager: Mounting plugin WmfMedia
LogPluginManager: Mounting plugin TcpMessaging
LogPluginManager: Mounting plugin UdpMessaging
LogPluginManager: Mounting plugin ActorSequence
LogPluginManager: Mounting plugin LevelSequenceEditor
LogPluginManager: Mounting plugin MatineeToLevelSequence
LogPluginManager: Mounting plugin NetcodeUnitTest
LogPluginManager: Mounting plugin NUTUnrealEngine4
LogPluginManager: Mounting plugin OnlineSubsystemGooglePlay
LogPluginManager: Mounting plugin OnlineSubsystemIOS
LogPluginManager: Mounting plugin OnlineSubsystem
LogPluginManager: Mounting plugin OnlineSubsystemNull
LogPluginManager: Mounting plugin OnlineSubsystemUtils
LogPluginManager: Mounting plugin LauncherChunkInstaller
LogPluginManager: Mounting plugin AndroidDeviceProfileSelector
LogPluginManager: Mounting plugin AndroidMoviePlayer
LogPluginManager: Mounting plugin AndroidPermission
LogPluginManager: Mounting plugin AppleMoviePlayer
LogPluginManager: Mounting plugin ArchVisCharacter
LogPluginManager: Mounting plugin AudioCapture
LogPluginManager: Mounting plugin CableComponent
LogPluginManager: Mounting plugin CustomMeshComponent
LogPluginManager: Mounting plugin EditableMesh
LogPluginManager: Mounting plugin ExampleDeviceProfileSelector
LogPluginManager: Mounting plugin GoogleCloudMessaging
LogPluginManager: Mounting plugin ImmediatePhysics
LogPluginManager: Mounting plugin IOSDeviceProfileSelector
LogPluginManager: Mounting plugin LinuxDeviceProfileSelector
LogPluginManager: Mounting plugin LocationServicesBPLibrary
LogPluginManager: Mounting plugin MobilePatchingUtils
LogPluginManager: Mounting plugin OculusVR
LogPluginManager: Plugin shader directory ../../../Engine/Plugins/Runtime/Oculus/OculusVR/Shaders found
LogPluginManager: Mapping shader source directory ../../../Engine/Plugins/Runtime/Oculus/OculusVR/Shaders to virtual directory /Plugin/OculusVR
LogPluginManager: Mounting plugin PhysXVehicles
LogPluginManager: Mounting plugin ProceduralMeshComponent
LogPluginManager: Mounting plugin RuntimePhysXCooking
LogPluginManager: Mounting plugin SteamVR
LogPluginManager: Mounting plugin WindowsMoviePlayer
LogStreaming: Display: Took  0.078s to configure plugins.
LogInit: Using libcurl 7.55.1-DEV
LogInit:  - built for x86_64-pc-win32
LogInit:  - supports SSL with OpenSSL/1.0.2h
LogInit:  - supports HTTP deflate (compression) using libz 1.2.8
LogInit:  - other features:
LogInit:      CURL_VERSION_SSL
LogInit:      CURL_VERSION_LIBZ
LogInit:      CURL_VERSION_IPV6
LogInit:      CURL_VERSION_ASYNCHDNS
LogInit:      CURL_VERSION_LARGEFILE
LogInit:      CURL_VERSION_IDN
LogInit:  CurlRequestOptions (configurable via config and command line):
LogInit:  - bVerifyPeer = false  - Libcurl will NOT verify peer certificate
LogInit:  - bUseHttpProxy = false  - Libcurl will NOT use HTTP proxy
LogInit:  - bDontReuseConnections = false  - Libcurl will reuse connections
LogInit:  - CertBundlePath = nullptr  - Libcurl will use whatever was configured at build time.
LogInit:  - MaxHostConnections = 16  - Libcurl will limit the number of connections to a host
LogInit:  - LocalHostAddr = Default
LogInit:  - BufferSize = 65536
LogInit: WinSock: version 1.1 (2.2), MaxSocks=32767, MaxUdp=65467
LogInit: Build: ++UE4+Release-4.20-CL-4302132
LogInit: Engine Version: 4.20.2-4302132+++UE4+Release-4.20
LogInit: Compatible Engine Version: 4.20.0-4212847+++UE4+Release-4.20
LogInit: Net CL: 4212847
LogInit: OS: Windows 10 (), CPU: Intel(R) Core(TM) i7-4770 CPU @ 3.40GHz, GPU: NVIDIA GeForce GTX 1070
LogInit: Compiled (64-bit): Aug 21 2018 02:06:06
LogInit: Compiled with Visual C++: 19.13.26129.00
LogInit: Build Configuration: Development
LogInit: Branch Name: ++UE4+Release-4.20
LogInit: Command Line: -EpicPortal 
LogInit: Base Directory: C:/Program Files/Epic Games/UE_4.20/Engine/Binaries/Win64/
LogInit: Installed Engine Build: 1
LogDevObjectVersion: Number of dev versions registered: 20
LogDevObjectVersion:   Dev-Blueprints (B0D832E4-1F89-4F0D-ACCF-7EB736FD4AA2): 10
LogDevObjectVersion:   Dev-Build (E1C64328-A22C-4D53-A36C-8E866417BD8C): 0
LogDevObjectVersion:   Dev-Core (375EC13C-06E4-48FB-B500-84F0262A717E): 2
LogDevObjectVersion:   Dev-Editor (E4B068ED-F494-42E9-A231-DA0B2E46BB41): 24
LogDevObjectVersion:   Dev-Framework (CFFC743F-43B0-4480-9391-14DF171D2073): 34
LogDevObjectVersion:   Dev-Mobile (B02B49B5-BB20-44E9-A304-32B752E40360): 2
LogDevObjectVersion:   Dev-Networking (A4E4105C-59A1-49B5-A7C5-40C4547EDFEE): 0
LogDevObjectVersion:   Dev-Online (39C831C9-5AE6-47DC-9A44-9C173E1C8E7C): 0
LogDevObjectVersion:   Dev-Physics (78F01B33-EBEA-4F98-B9B4-84EACCB95AA2): 0
LogDevObjectVersion:   Dev-Platform (6631380F-2D4D-43E0-8009-CF276956A95A): 0
LogDevObjectVersion:   Dev-Rendering (12F88B9F-8875-4AFC-A67C-D90C383ABD29): 26
LogDevObjectVersion:   Dev-Sequencer (7B5AE74C-D270-4C10-A958-57980B212A5A): 9
LogDevObjectVersion:   Dev-VR (D7296918-1DD6-4BDD-9DE2-64A83CC13884): 2
LogDevObjectVersion:   Dev-LoadTimes (C2A15278-BFE7-4AFE-6C17-90FF531DF755): 1
LogDevObjectVersion:   Private-Geometry (6EACA3D4-40EC-4CC1-B786-8BED09428FC5): 3
LogDevObjectVersion:   Dev-AnimPhys (29E575DD-E0A3-4627-9D10-D276232CDCEA): 17
LogDevObjectVersion:   Dev-ReflectionCapture (6B266CEC-1EC7-4B8F-A30B-E4D90942FC07): 1
LogDevObjectVersion:   Dev-Automation (0DF73D61-A23F-47EA-B727-89E90C41499A): 1
LogDevObjectVersion:   FortniteMain (601D1886-AC64-4F84-AA16-D3DE0DEAC7D6): 12
LogDevObjectVersion:   Dev-Enterprise (9DFFBCD6-494F-0158-E221-12823C92A888): 1
LogStreaming: Display: Took  0.000s to delete old logs.
LogInit: Presizing for max 8388607 objects, including 0 objects not considered by GC, pre-allocating 0 bytes for permanent pool.
LogInit: Object subsystem initialized
[2018.08.28-15.26.00:810][  0]LogInit: Selected Device Profile: [Windows]
[2018.08.28-15.26.00:810][  0]LogInit: Applying CVar settings loaded from the selected device profile: [Windows]
[2018.08.28-15.26.00:827][  0]LogHAL: Display: Platform has ~ 32 GB [34294435840 / 34359738368 / 32], which maps to Largest [LargestMinGB=32, LargerMinGB=12, DefaultMinGB=8, SmallerMinGB=6, SmallestMinGB=0)
[2018.08.28-15.26.00:827][  0]LogInit: Setting Device Profile CVar: [[r.Vulkan.UseRealUBs:1]]
[2018.08.28-15.26.00:827][  0]LogInit: Going up to parent DeviceProfile []
[2018.08.28-15.26.00:827][  0]LogInit: Computer: eae-d-109
[2018.08.28-15.26.00:827][  0]LogInit: User: u1164194
[2018.08.28-15.26.00:827][  0]LogInit: CPU Page size=4096, Cores=4
[2018.08.28-15.26.00:827][  0]LogInit: High frequency timer resolution =3.320308 MHz
[2018.08.28-15.26.00:827][  0]LogMemory: Memory total: Physical=31.9GB (32GB approx)
[2018.08.28-15.26.00:827][  0]LogMemory: Platform Memory Stats for Windows
[2018.08.28-15.26.00:827][  0]LogMemory: Process Physical Memory: 99.93 MB used, 99.93 MB peak
[2018.08.28-15.26.00:827][  0]LogMemory: Process Virtual Memory: 91.01 MB used, 91.01 MB peak
[2018.08.28-15.26.00:827][  0]LogMemory: Physical Memory: 4662.28 MB used,  28043.45 MB free, 32705.72 MB total
[2018.08.28-15.26.00:827][  0]LogMemory: Virtual Memory: 4640.36 MB used,  28043.45 MB free, 134217728.00 MB total
[2018.08.28-15.26.00:845][  0]LogInit: Using OS detected language (en-US).
[2018.08.28-15.26.00:845][  0]LogInit: Using OS detected locale (en-US).
[2018.08.28-15.26.00:845][  0]LogTextLocalizationManager: No specific localization for 'en-US' exists, so the 'en' localization will be used.
[2018.08.28-15.26.01:268][  0]LogStreaming: Display: Took  0.424s to InitEngineTextLocalization.
[2018.08.28-15.26.01:269][  0]LogInit: Setting process to per monitor DPI aware
[2018.08.28-15.26.01:311][  0]LogSlate: New Slate User Created.  User Index 0, Is Virtual User: 0
[2018.08.28-15.26.01:311][  0]LogSlate: Slate User Registered.  User Index 0, Is Virtual User: 0
[2018.08.28-15.26.01:492][  0]LogHMD: Failed to initialize OpenVR with code 110
[2018.08.28-15.26.01:492][  0]LogD3D11RHI: D3D11 adapters:
[2018.08.28-15.26.01:545][  0]LogD3D11RHI:    0. 'NVIDIA GeForce GTX 1070' (Feature Level 11_0)
[2018.08.28-15.26.01:545][  0]LogD3D11RHI:       8088/0/16352 MB DedicatedVideo/DedicatedSystem/SharedSystem, Outputs:2, VendorId:0x10de
[2018.08.28-15.26.01:547][  0]LogD3D11RHI:    1. 'Microsoft Basic Render Driver' (Feature Level 11_0)
[2018.08.28-15.26.01:547][  0]LogD3D11RHI:       0/0/16352 MB DedicatedVideo/DedicatedSystem/SharedSystem, Outputs:0, VendorId:0x1414
[2018.08.28-15.26.01:547][  0]LogD3D11RHI: Chosen D3D11 Adapter: 0
[2018.08.28-15.26.01:552][  0]LogD3D11RHI: Creating new Direct3DDevice
[2018.08.28-15.26.01:552][  0]LogD3D11RHI:     GPU DeviceId: 0x1b81 (for the marketing name, search the web for "GPU Device Id")
[2018.08.28-15.26.01:552][  0]LogWindows: EnumDisplayDevices:
[2018.08.28-15.26.01:552][  0]LogWindows:    0. 'NVIDIA GeForce GTX 1070' (P:1 D:1)
[2018.08.28-15.26.01:552][  0]LogWindows:    1. 'NVIDIA GeForce GTX 1070' (P:0 D:1)
[2018.08.28-15.26.01:552][  0]LogWindows:    2. 'NVIDIA GeForce GTX 1070' (P:0 D:0)
[2018.08.28-15.26.01:553][  0]LogWindows:    3. 'NVIDIA GeForce GTX 1070' (P:0 D:0)
[2018.08.28-15.26.01:553][  0]LogWindows: DebugString: FoundDriverCount:4 
[2018.08.28-15.26.01:553][  0]LogD3D11RHI:     Adapter Name: NVIDIA GeForce GTX 1070
[2018.08.28-15.26.01:553][  0]LogD3D11RHI:   Driver Version: 398.36 (internal:24.21.13.9836, unified:398.36)
[2018.08.28-15.26.01:553][  0]LogD3D11RHI:      Driver Date: 6-24-2018
[2018.08.28-15.26.01:553][  0]LogRHI: Texture pool is 5661 MB (70% of 8088 MB)
[2018.08.28-15.26.01:603][  0]LogD3D11RHI: Async texture creation enabled
[2018.08.28-15.26.01:619][  0]LogD3D11RHI: GPU Timing Frequency: 1000.000000 (Debug: 2 2)
[2018.08.28-15.26.01:704][  0]LogShaderCompilers: Guid format shader working directory is -20 characters bigger than the processId version (../../../../../../Users/u1164194/Documents/GitHub/CoopHorrorPrototype/Intermediate/Shaders/WorkingDirectory/3580/).
[2018.08.28-15.26.01:704][  0]LogShaderCompilers: Cleaned the shader compiler working directory 'C:/Users/u1164194/AppData/Local/Temp/UnrealShaderWorkingDir/42E27D344F201944EC2CC6A840EED437/'.
[2018.08.28-15.26.01:951][  0]LogTemp: Display: Loaded TP AllDesktopTargetPlatform
[2018.08.28-15.26.01:963][  0]LogTemp: Display: Loaded TP MacClientTargetPlatform
[2018.08.28-15.26.01:975][  0]LogTemp: Display: Loaded TP MacNoEditorTargetPlatform
[2018.08.28-15.26.01:988][  0]LogTemp: Display: Loaded TP MacServerTargetPlatform
[2018.08.28-15.26.02:001][  0]LogTemp: Display: Loaded TP MacTargetPlatform
[2018.08.28-15.26.02:013][  0]LogTemp: Display: Loaded TP WindowsClientTargetPlatform
[2018.08.28-15.26.02:025][  0]LogTemp: Display: Loaded TP WindowsNoEditorTargetPlatform
[2018.08.28-15.26.02:038][  0]LogTemp: Display: Loaded TP WindowsServerTargetPlatform
[2018.08.28-15.26.02:044][  0]LogTemp: Display: Loaded TP WindowsTargetPlatform
[2018.08.28-15.26.02:114][  0]LogTemp: Display: Loaded TP AndroidTargetPlatform
[2018.08.28-15.26.02:114][  0]LogTemp: Display: Loaded TP AndroidTargetPlatform
[2018.08.28-15.26.02:114][  0]LogTemp: Display: Loaded TP AndroidTargetPlatform
[2018.08.28-15.26.02:114][  0]LogTemp: Display: Loaded TP AndroidTargetPlatform
[2018.08.28-15.26.02:114][  0]LogTemp: Display: Loaded TP AndroidTargetPlatform
[2018.08.28-15.26.02:114][  0]LogTemp: Display: Loaded TP AndroidTargetPlatform
[2018.08.28-15.26.02:114][  0]LogTemp: Display: Loaded TP AndroidTargetPlatform
[2018.08.28-15.26.02:114][  0]LogTemp: Display: Loaded TP AndroidTargetPlatform
[2018.08.28-15.26.02:114][  0]LogTemp: Display: Loaded TP AndroidTargetPlatform
[2018.08.28-15.26.02:114][  0]LogTemp: Display: Loaded TP AndroidTargetPlatform
[2018.08.28-15.26.02:114][  0]LogTemp: Display: Loaded TP AndroidTargetPlatform
[2018.08.28-15.26.02:114][  0]LogTemp: Display: Loaded TP AndroidTargetPlatform
[2018.08.28-15.26.02:114][  0]LogTemp: Display: Loaded TP AndroidTargetPlatform
[2018.08.28-15.26.02:114][  0]LogTemp: Display: Loaded TP AndroidTargetPlatform
[2018.08.28-15.26.02:114][  0]LogTemp: Display: Loaded TP AndroidTargetPlatform
[2018.08.28-15.26.02:114][  0]LogTemp: Display: Loaded TP AndroidTargetPlatform
[2018.08.28-15.26.02:114][  0]LogTemp: Display: Loaded TP AndroidTargetPlatform
[2018.08.28-15.26.02:114][  0]LogTemp: Display: Loaded TP AndroidTargetPlatform
[2018.08.28-15.26.02:115][  0]LogTemp: Display: Loaded TP HTML5TargetPlatform
[2018.08.28-15.26.02:173][  0]LogTemp: Display: Loaded TP IOSTargetPlatform
[2018.08.28-15.26.02:173][  0]LogTemp: Display: Loaded TP IOSTargetPlatform
[2018.08.28-15.26.02:195][  0]LogTemp: Display: Loaded TP TVOSTargetPlatform
[2018.08.28-15.26.02:195][  0]LogTemp: Display: Loaded TP TVOSTargetPlatform
[2018.08.28-15.26.02:206][  0]LogTemp: Display: Loaded TP LinuxClientTargetPlatform
[2018.08.28-15.26.02:218][  0]LogTemp: Display: Loaded TP LinuxNoEditorTargetPlatform
[2018.08.28-15.26.02:229][  0]LogTemp: Display: Loaded TP LinuxServerTargetPlatform
[2018.08.28-15.26.02:241][  0]LogTemp: Display: Loaded TP LinuxTargetPlatform
[2018.08.28-15.26.02:250][  0]LogTemp: Display: Loaded TP LuminTargetPlatform
[2018.08.28-15.26.02:250][  0]LogTargetPlatformManager: Display: Building Assets For Windows
[2018.08.28-15.26.02:301][  0]LogXGEController: Cannot use XGE Controller as Incredibuild is not installed on this machine.
[2018.08.28-15.26.02:301][  0]LogShaderCompilers: Cannot use XGE Shader Compiler as Incredibuild is not installed on this machine.
[2018.08.28-15.26.02:301][  0]LogShaderCompilers: Display: Using Local Shader Compiler.
[2018.08.28-15.26.02:990][  0]LogDerivedDataCache: Display: Max Cache Size: 512 MB
[2018.08.28-15.26.03:038][  0]LogDerivedDataCache: Loaded boot cache 0.05s 71MB C:/Users/u1164194/AppData/Local/UnrealEngine/4.20/DerivedDataCache/Boot.ddc.
[2018.08.28-15.26.03:038][  0]LogDerivedDataCache: Display: Loaded Boot cache: C:/Users/u1164194/AppData/Local/UnrealEngine/4.20/DerivedDataCache/Boot.ddc
[2018.08.28-15.26.03:038][  0]LogDerivedDataCache: FDerivedDataBackendGraph:  Pak pak cache file ../../../../../../Users/u1164194/Documents/GitHub/CoopHorrorPrototype/DerivedDataCache/DDC.ddp not found, will not use a pak cache.
[2018.08.28-15.26.03:039][  0]LogDerivedDataCache: Unable to find inner node Pak for hierarchical cache Hierarchy.
[2018.08.28-15.26.03:039][  0]LogDerivedDataCache: FDerivedDataBackendGraph:  CompressedPak pak cache file ../../../../../../Users/u1164194/Documents/GitHub/CoopHorrorPrototype/DerivedDataCache/Compressed.ddp not found, will not use a pak cache.
[2018.08.28-15.26.03:039][  0]LogDerivedDataCache: Unable to find inner node CompressedPak for hierarchical cache Hierarchy.
[2018.08.28-15.26.03:050][  0]LogDerivedDataCache: Display: Pak cache opened for reading ../../../Engine/DerivedDataCache/Compressed.ddp.
[2018.08.28-15.26.03:062][  0]LogDerivedDataCache: Using Local data cache path C:/Users/u1164194/AppData/Local/UnrealEngine/Common/DerivedDataCache: Writable
[2018.08.28-15.26.03:062][  0]LogDerivedDataCache: Shared data cache path not found in *engine.ini, will not use an Shared cache.
[2018.08.28-15.26.03:062][  0]LogDerivedDataCache: Unable to find inner node Shared for hierarchical cache Hierarchy.
[2018.08.28-15.26.03:079][  0]LogMaterial: Verifying Global Shaders for PCD3D_SM5
[2018.08.28-15.26.03:081][  0]LogSlate: Using FreeType 2.6.0
[2018.08.28-15.26.03:081][  0]LogSlate: SlateFontServices - WITH_FREETYPE: 1, WITH_HARFBUZZ: 1
[2018.08.28-15.26.03:148][  0]LogAssetRegistry: FAssetRegistry took 0.0255 seconds to start up
[2018.08.28-15.26.03:439][  0]LogInit: Selected Device Profile: [Windows]
[2018.08.28-15.26.03:487][  0]LogSimplygon: Simplygon DLL not present - disabling.
[2018.08.28-15.26.03:490][  0]LogMeshReduction: Using SimplygonSwarm for distributed automatic mesh merging
[2018.08.28-15.26.03:490][  0]LogMeshReduction: Using ProxyLODMeshReduction for automatic mesh merging
[2018.08.28-15.26.03:490][  0]LogMeshReduction: Using QuadricMeshReduction for automatic static mesh reduction
[2018.08.28-15.26.03:490][  0]LogMeshReduction: No automatic skeletal mesh reduction module available
[2018.08.28-15.26.03:586][  0]LogNetVersion: CoopHorrorProject 1.0.0, NetCL: 4212847, EngineNetVer: 5, GameNetVer: 0 (Checksum: 1708970736)
[2018.08.28-15.26.04:060][  0]LogPackageLocalizationCache: Processed 11 localized package path(s) for 2 prioritized culture(s) in 0.098933 seconds
[2018.08.28-15.26.04:066][  0]LogUObjectArray: 38425 objects as part of root set at end of initial load.
[2018.08.28-15.26.04:066][  0]LogUObjectAllocator: 6690872 out of 0 bytes used by permanent object pool.
[2018.08.28-15.26.04:066][  0]LogUObjectArray: CloseDisregardForGC: 0/0 objects in disregard for GC pool
[2018.08.28-15.26.04:804][  0]LogTcpMessaging: Initializing TcpMessaging bridge
[2018.08.28-15.26.04:817][  0]LogUdpMessaging: Initializing bridge on interface 0.0.0.0:0 to multicast group 230.0.0.1:6666.
[2018.08.28-15.26.04:954][  0]SourceControl: Source control is disabled
[2018.08.28-15.26.04:954][  0]SourceControl: Source control is disabled
[2018.08.28-15.26.04:955][  0]SourceControl: Source control is disabled
[2018.08.28-15.26.04:956][  0]SourceControl: Source control is disabled
[2018.08.28-15.26.05:102][  0]LogAndroidPermission: UAndroidPermissionCallbackProxy::GetInstance
[2018.08.28-15.26.05:165][  0]LogOcInput: OculusInput pre-init called
[2018.08.28-15.26.05:219][  0]LogEngine: Initializing Engine...
[2018.08.28-15.26.05:220][  0]LogHMD: Failed to initialize OpenVR with code 110
[2018.08.28-15.26.05:221][  0]LogStats: UGameplayTagsManager::ConstructGameplayTagTree: ImportINI prefixes -  0.000 s
[2018.08.28-15.26.05:221][  0]LogStats: UGameplayTagsManager::ConstructGameplayTagTree: Construct from data asset -  0.000 s
[2018.08.28-15.26.05:221][  0]LogStats: UGameplayTagsManager::ConstructGameplayTagTree: ImportINI -  0.000 s
[2018.08.28-15.26.05:221][  0]LogStats: UGameplayTagsManager::ConstructGameplayTagTree: GameplayTagTreeChangedEvent.Broadcast -  0.000 s
[2018.08.28-15.26.05:407][  0]LogInit: Initializing FReadOnlyCVARCache
[2018.08.28-15.26.05:420][  0]LogAIModule: Creating AISystem for world Untitled
[2018.08.28-15.26.05:441][  0]LogInit: XAudio2 using 'Speakers (Logitech G633 Gaming Headset)' : 2 channels at 48 kHz using 16 bits per sample (channel mask 0x3)
[2018.08.28-15.26.05:459][  0]LogInit: FAudioDevice initialized.
[2018.08.28-15.26.05:459][  0]LogNetVersion: Set ProjectVersion to 1.0.0.0. Version Checksum will be recalculated on next use.
[2018.08.28-15.26.05:532][  0]LogDerivedDataCache: Saved boot cache 0.07s 71MB C:/Users/u1164194/AppData/Local/UnrealEngine/4.20/DerivedDataCache/Boot.ddc.
[2018.08.28-15.26.05:544][  0]LogInit: Texture streaming: Enabled
[2018.08.28-15.26.05:558][  0]LogEngineSessionManager: EngineSessionManager initialized
[2018.08.28-15.26.05:571][  0]LogInit: Transaction tracking system initialized
[2018.08.28-15.26.05:589][  0]BlueprintLog: New page: Editor Load
[2018.08.28-15.26.05:653][  0]LocalizationService: Localization service is disabled
[2018.08.28-15.26.05:880][  0]LogCook: Display: Max memory allowance for cook 16384mb min free memory 0mb
[2018.08.28-15.26.05:880][  0]LogCook: Display: Mobile HDR setting 1
[2018.08.28-15.26.05:880][  0]LogGameplayTags: Display: UGameplayTagsManager::DoneAddingNativeTags. DelegateIsBound: 0
[2018.08.28-15.26.05:880][  0]LogStats: UGameplayTagsManager::ConstructGameplayTagTree: ImportINI prefixes -  0.000 s
[2018.08.28-15.26.05:880][  0]LogStats: UGameplayTagsManager::ConstructGameplayTagTree: Construct from data asset -  0.000 s
[2018.08.28-15.26.05:880][  0]LogStats: UGameplayTagsManager::ConstructGameplayTagTree: ImportINI -  0.000 s
[2018.08.28-15.26.05:880][  0]LogStats: UGameplayTagsManager::ConstructGameplayTagTree: GameplayTagTreeChangedEvent.Broadcast -  0.000 s
[2018.08.28-15.26.05:987][  0]LogFileCache: Scanning file cache for directory 'C:/Users/u1164194/Documents/GitHub/CoopHorrorPrototype/Content/' took 0.02s
[2018.08.28-15.26.05:987][  0]SourceControl: Source control is disabled
[2018.08.28-15.26.05:987][  0]Cmd: MAP LOAD FILE="../../../../../../Users/u1164194/Documents/GitHub/CoopHorrorPrototype/Content/ThirdPersonBP/Maps/ThirdPersonExampleMap.umap" TEMPLATE=0 SHOWPROGRESS=1 FEATURELEVEL=3
[2018.08.28-15.26.05:987][  0]LightingResults: New page: Lighting Build
[2018.08.28-15.26.05:990][  0]MapCheck: New page: Map Check
[2018.08.28-15.26.05:990][  0]LightingResults: New page: Lighting Build
[2018.08.28-15.26.06:879][  0]LogTexture: Display: Building textures: HQ_Lightmap1_3 (AutoDXT, 64X64)
[2018.08.28-15.26.06:879][  0]LogTexture: Display: Building textures: LQ_Lightmap_1_3 (DXT1, 64X64)
[2018.08.28-15.26.06:879][  0]LogTexture: Display: Building textures: HQ_Lightmap1_2 (AutoDXT, 128X128)
[2018.08.28-15.26.06:879][  0]LogTexture: Display: Building textures: LQ_Lightmap_1_2 (DXT1, 128X128)
[2018.08.28-15.26.06:879][  0]LogTexture: Display: Building textures: SkyOcclusion1_2 (AutoDXT, 128X64)
[2018.08.28-15.26.06:879][  0]LogTexture: Display: Building textures: SkyOcclusion1_3 (AutoDXT, 64X32)
[2018.08.28-15.26.06:879][  0]LogTexture: Display: Building textures: ShadowMapTexture2D_2 (G8, 1024X1024)
[2018.08.28-15.26.06:879][  0]LogTexture: Display: Building textures: ShadowMapTexture2D_3 (G8, 1024X1024)
[2018.08.28-15.26.06:879][  0]LogTexture: Display: Building textures: ShadowMapTexture2D_4 (G8, 64X64)
[2018.08.28-15.26.06:879][  0]LogTexture: Display: Building textures: ShadowMapTexture2D_5 (G8, 32X32)
[2018.08.28-15.26.06:879][  0]LogTexture: Display: Building textures: SkyOcclusion1_1 (AutoDXT, 2048X1024)
[2018.08.28-15.26.06:879][  0]LogTexture: Display: Building textures: LQ_Lightmap_1_1 (DXT1, 2048X2048)
[2018.08.28-15.26.06:879][  0]LogTexture: Display: Building textures: HQ_Lightmap1_1 (AutoDXT, 2048X2048)
[2018.08.28-15.26.06:879][  0]LogStaticMesh: Building static mesh TestMazeRoof...
[2018.08.28-15.26.06:893][  0]LogStaticMesh: Built static mesh [0.01s] /Game/Assets/Models/Mazes/TestMazeRoof.TestMazeRoof
[2018.08.28-15.26.06:898][  0]LogMaterial: Display: Missing cached shader map for material lambert1, compiling. 
[2018.08.28-15.26.07:017][  0]LogShaderCompilers: Display: Shaders left to compile 31
[2018.08.28-15.26.07:017][  0]LogShaderCompilers: Display: Shaders left to compile 21
[2018.08.28-15.26.07:017][  0]LogShaderCompilers: Display: Shaders left to compile 11
[2018.08.28-15.26.07:018][  0]LogShaderCompilers: Display: Shaders left to compile 1
[2018.08.28-15.26.07:018][  0]LogStaticMesh: Building static mesh TestRealMaze...
[2018.08.28-15.26.07:252][  0]LogStaticMesh: Built static mesh [0.24s] /Game/Assets/Models/Mazes/TestRealMaze.TestRealMaze
[2018.08.28-15.26.07:325][  0]LogAIModule: Creating AISystem for world ThirdPersonExampleMap
[2018.08.28-15.26.07:340][  0]LogEditorServer: Finished looking for orphan Actors (0.000 secs)
[2018.08.28-15.26.07:363][  0]Cmd: MAP CHECKDEP NOCLEARLOG
[2018.08.28-15.26.07:454][  0]MapCheck: Map check complete: 0 Error(s), 0 Warning(s), took 91.233ms to complete.
[2018.08.28-15.26.07:454][  0]LogFileHelpers: Loading map 'ThirdPersonExampleMap' took 1.468
[2018.08.28-15.26.07:593][  0]LogSlate: Updating window title bar state: overlay mode, drag disabled, window buttons hidden, title bar hidden
[2018.08.28-15.26.07:604][  0]LogSlate: Updating window title bar state: overlay mode, drag disabled, window buttons hidden, title bar hidden
[2018.08.28-15.26.07:615][  0]LogSlate: Updating window title bar state: overlay mode, drag disabled, window buttons hidden, title bar hidden
[2018.08.28-15.26.07:624][  0]LogSlate: Updating window title bar state: overlay mode, drag disabled, window buttons hidden, title bar hidden
[2018.08.28-15.26.07:636][  0]LogCollectionManager: Loaded 0 collections in 0.002151 seconds
[2018.08.28-15.26.07:689][  0]LogFileCache: Scanning file cache for directory 'C:/Users/u1164194/Documents/GitHub/CoopHorrorPrototype/Saved/Collections/' took 0.01s
[2018.08.28-15.26.07:689][  0]LogFileCache: Scanning file cache for directory 'C:/Users/u1164194/Documents/GitHub/CoopHorrorPrototype/Content/Developers/u1164194/Collections/' took 0.01s
[2018.08.28-15.26.07:689][  0]LogFileCache: Scanning file cache for directory 'C:/Users/u1164194/Documents/GitHub/CoopHorrorPrototype/Content/Collections/' took 0.01s
[2018.08.28-15.26.07:689][  0]LogCollectionManager: Rebuilt the GUID cache for 0 collections in 0.000000 seconds
[2018.08.28-15.26.07:703][  0]LogContentBrowser: Native class hierarchy populated in 0.0136 seconds. Added 2572 classes and 603 folders.
[2018.08.28-15.26.07:715][  0]LogContentBrowser: Native class hierarchy updated for 'WidgetCarousel' in 0.0004 seconds. Added 0 classes and 0 folders.
[2018.08.28-15.26.08:297][  0]LogContentBrowser: Native class hierarchy updated for 'AddContentDialog' in 0.0003 seconds. Added 0 classes and 0 folders.
[2018.08.28-15.26.08:322][  0]LogContentBrowser: Native class hierarchy updated for 'SceneOutliner' in 0.0004 seconds. Added 1 classes and 2 folders.
[2018.08.28-15.26.08:364][  0]LogSlate: Took 0.000253 seconds to synchronously load lazily loaded font '../../../Engine/Content/Slate/Fonts/Roboto-Regular.ttf' (155K)
[2018.08.28-15.26.08:367][  0]LogSlate: Took 0.000212 seconds to synchronously load lazily loaded font '../../../Engine/Content/Slate/Fonts/Roboto-Bold.ttf' (160K)
[2018.08.28-15.26.08:386][  0]LogSlate: Took 0.010636 seconds to synchronously load lazily loaded font '../../../Engine/Content/Editor/Slate/Fonts/FontAwesome.ttf' (139K)
[2018.08.28-15.26.08:607][  0]LogRenderer: Reallocating scene render targets to support 1208x576 Format 10 NumSamples 1 (Frame:1).
[2018.08.28-15.26.08:875][  0]LogSlate: FSceneViewport::OnFocusLost() reason 2
[2018.08.28-15.26.08:924][  0]LogSlate: Window 'Tutorials' being destroyed
[2018.08.28-15.26.08:956][  0]LogContentBrowser: Native class hierarchy updated for 'HierarchicalLODOutliner' in 0.0004 seconds. Added 0 classes and 0 folders.
[2018.08.28-15.26.08:956][  0]LogLoad: (Engine Initialization) Total time: 9.79 seconds
[2018.08.28-15.26.08:956][  0]LogLoad: (Engine Initialization) Total Blueprint compile time: 0.00 seconds
[2018.08.28-15.26.08:967][  0]LogWindowsTextInputMethodSystem: Display: IME system now deactivated.
[2018.08.28-15.26.08:989][  0]LogContentStreaming: Texture pool size now 1000 MB
[2018.08.28-15.26.09:028][  0]LogSlate: Took 0.005911 seconds to synchronously load lazily loaded font '../../../Engine/Content/Slate/Fonts/Roboto-Light.ttf' (167K)
[2018.08.28-15.26.09:057][  1]LogAssetRegistry: Asset discovery search completed in 5.9317 seconds
[2018.08.28-15.26.09:061][  1]LogCollectionManager: Rebuilt the object cache for 0 collections in 0.000001 seconds (found 0 objects)
[2018.08.28-15.26.09:061][  1]LogCollectionManager: Fixed up redirectors for 0 collections in 0.000081 seconds (updated 0 objects)
[2018.08.28-15.28.19:816][666]LogSlate: FSceneViewport::OnFocusLost() reason 2
[2018.08.28-15.28.35:622][560]LogSlate: FSceneViewport::OnFocusLost() reason 2
[2018.08.28-15.28.35:980][601]LogSlate: Took 0.000139 seconds to synchronously load lazily loaded font '../../../Engine/Content/Slate/Fonts/Roboto-Light.ttf' (167K)
[2018.08.28-15.28.36:831][699]LogSlate: FSceneViewport::OnFocusLost() reason 2
[2018.08.28-15.28.36:835][699]LogAssetEditorManager: Opening Asset editor for LevelScriptBlueprint /Game/ThirdPersonBP/Maps/ThirdPersonExampleMap.ThirdPersonExampleMap:PersistentLevel.ThirdPersonExampleMap
[2018.08.28-15.28.37:364][699]LogContentBrowser: Native class hierarchy updated for 'BlueprintGraph' in 0.0006 seconds. Added 116 classes and 0 folders.
[2018.08.28-15.28.38:122][699]LogSlate: Took 0.004480 seconds to synchronously load lazily loaded font '../../../Engine/Content/Slate/Fonts/Roboto-BoldCondensed.ttf' (158K)
[2018.08.28-15.35.59:848][591]LogEditorViewport: Clicking on Actor (LMB): PlayerStart (NetworkPlayerStart)
[2018.08.28-15.36.03:152][980]LogNavigationPoint: PostEditMove Clear paths rebuilt
[2018.08.28-15.36.05:837][300]LogNavigationPoint: PostEditMove Clear paths rebuilt
[2018.08.28-15.36.06:324][357]LogEditorViewport: Clicking on Actor (LMB): ThirdPersonCharacter_C (ThirdPersonCharacter)
[2018.08.28-15.36.07:239][446]LogEditorViewport: Clicking on Actor (LMB): PlayerStart (NetworkPlayerStart)
[2018.08.28-15.36.08:998][651]LogNavigationPoint: PostEditMove Clear paths rebuilt
[2018.08.28-15.36.09:810][745]LogNavigationPoint: PostEditMove Clear paths rebuilt
[2018.08.28-15.36.10:483][824]LogNavigationPoint: PostEditMove Clear paths rebuilt
[2018.08.28-15.36.11:071][893]LogEditorViewport: Clicking on Actor (LMB): ThirdPersonCharacter_C (ThirdPersonCharacter)
[2018.08.28-15.36.12:989][103]Cmd: DELETE
[2018.08.28-15.36.12:989][103]Cmd: ACTOR DELETE
[2018.08.28-15.36.12:992][103]LogEditorActor: Deleted Actor: ThirdPersonCharacter_C
[2018.08.28-15.36.13:048][103]LogEditorActor: Deleted 1 Actors (0.059 secs)
[2018.08.28-15.36.15:361][379]LogSlate: FSceneViewport::OnFocusLost() reason 2
[2018.08.28-15.36.16:539][515]LogSlate: FSceneViewport::OnFocusLost() reason 2
[2018.08.28-15.36.24:745][472]BlueprintLog: New page: Compile ThirdPersonExampleMap
[2018.08.28-15.36.26:468][633]LogSavePackage: Moving '../../../../../../Users/u1164194/Documents/GitHub/CoopHorrorPrototype/Saved/ThirdPersonExampleMap528B285B42B84AACEC6C1CA272E9765A.tmp' to '../../../../../../Users/u1164194/Documents/GitHub/CoopHorrorPrototype/Content/ThirdPersonBP/Maps/ThirdPersonExampleMap.umap'
[2018.08.28-15.36.26:500][633]LogFileHelpers: Saving map 'ThirdPersonExampleMap' took 0.266
[2018.08.28-15.36.27:464][747]LogSlate: FSceneViewport::OnFocusLost() reason 0
[2018.08.28-15.36.28:245][840]LogSlate: FSceneViewport::OnFocusLost() reason 0
[2018.08.28-15.36.28:320][849]LogTemp: Repeating last play command: Selected Viewport
[2018.08.28-15.36.28:334][849]LogBlueprintUserMessages: Early PlayInEditor Detection: Level '/Game/ThirdPersonBP/Maps/ThirdPersonExampleMap.ThirdPersonExampleMap:PersistentLevel' has LevelScriptBlueprint '/Game/ThirdPersonBP/Maps/ThirdPersonExampleMap.ThirdPersonExampleMap:PersistentLevel.ThirdPersonExampleMap' with GeneratedClass '/Game/ThirdPersonBP/Maps/ThirdPersonExampleMap.ThirdPersonExampleMap_C' with ClassGeneratedBy '/Game/ThirdPersonBP/Maps/ThirdPersonExampleMap.ThirdPersonExampleMap:PersistentLevel.ThirdPersonExampleMap'
[2018.08.28-15.36.28:334][849]LogPlayLevel: PlayLevel: No blueprints needed recompiling
[2018.08.28-15.36.28:348][849]PIE: New page: PIE session: ThirdPersonExampleMap (Aug 28, 2018, 3:36:28 AM)
[2018.08.28-15.36.28:348][849]LogPlayLevel: Creating play world package: /Game/ThirdPersonBP/Maps/UEDPIE_0_ThirdPersonExampleMap
[2018.08.28-15.36.28:353][849]LogPlayLevel: PIE: StaticDuplicateObject took: (0.004550s)
[2018.08.28-15.36.28:353][849]LogAIModule: Creating AISystem for world ThirdPersonExampleMap
[2018.08.28-15.36.28:353][849]LogPlayLevel: PIE: World Init took: (0.000663s)
[2018.08.28-15.36.28:354][849]LogPlayLevel: PIE: Created PIE world by copying editor world from /Game/ThirdPersonBP/Maps/ThirdPersonExampleMap.ThirdPersonExampleMap to /Game/ThirdPersonBP/Maps/UEDPIE_0_ThirdPersonExampleMap.ThirdPersonExampleMap (0.005413s)
[2018.08.28-15.36.28:396][849]LogInit: XAudio2 using 'Speakers (Logitech G633 Gaming Headset)' : 2 channels at 48 kHz using 16 bits per sample (channel mask 0x3)
[2018.08.28-15.36.28:404][849]LogInit: FAudioDevice initialized.
[2018.08.28-15.36.28:447][849]LogLoad: Game class is 'ThirdPersonGameMode_C'
[2018.08.28-15.36.28:449][849]LogWorld: Bringing World /Game/ThirdPersonBP/Maps/UEDPIE_0_ThirdPersonExampleMap.ThirdPersonExampleMap up for play (max tick rate 0) at 2018.08.28-09.36.28
[2018.08.28-15.36.28:449][849]LogWorld: Bringing up level for play took: 0.000816
[2018.08.28-15.36.28:468][849]LogContentBrowser: Native class hierarchy updated for 'MovieSceneCapture' in 0.0003 seconds. Added 10 classes and 0 folders.
[2018.08.28-15.36.28:470][849]LogSlate: New Slate User Created.  User Index 1, Is Virtual User: 0
[2018.08.28-15.36.28:470][849]LogSlate: Slate User Registered.  User Index 1, Is Virtual User: 0
[2018.08.28-15.36.28:472][849]LogSlate: New Slate User Created.  User Index 2, Is Virtual User: 0
[2018.08.28-15.36.28:472][849]LogSlate: Slate User Registered.  User Index 2, Is Virtual User: 0
[2018.08.28-15.36.28:475][849]PIE: Play in editor start time for /Game/ThirdPersonBP/Maps/UEDPIE_0_ThirdPersonExampleMap 0.806
[2018.08.28-15.36.28:475][849]LogBlueprintUserMessages: Late PlayInEditor Detection: Level '/Game/ThirdPersonBP/Maps/ThirdPersonExampleMap.ThirdPersonExampleMap:PersistentLevel' has LevelScriptBlueprint '/Game/ThirdPersonBP/Maps/ThirdPersonExampleMap.ThirdPersonExampleMap:PersistentLevel.ThirdPersonExampleMap' with GeneratedClass '/Game/ThirdPersonBP/Maps/ThirdPersonExampleMap.ThirdPersonExampleMap_C' with ClassGeneratedBy '/Game/ThirdPersonBP/Maps/ThirdPersonExampleMap.ThirdPersonExampleMap:PersistentLevel.ThirdPersonExampleMap'
[2018.08.28-15.36.34:814][606]LogBlueprintUserMessages: Early EndPlayMap Detection: Level '/Game/ThirdPersonBP/Maps/ThirdPersonExampleMap.ThirdPersonExampleMap:PersistentLevel' has LevelScriptBlueprint '/Game/ThirdPersonBP/Maps/ThirdPersonExampleMap.ThirdPersonExampleMap:PersistentLevel.ThirdPersonExampleMap' with GeneratedClass '/Game/ThirdPersonBP/Maps/ThirdPersonExampleMap.ThirdPersonExampleMap_C' with ClassGeneratedBy '/Game/ThirdPersonBP/Maps/ThirdPersonExampleMap.ThirdPersonExampleMap:PersistentLevel.ThirdPersonExampleMap'
[2018.08.28-15.36.34:814][606]LogSlate: Updating window title bar state: overlay mode, drag disabled, window buttons hidden, title bar hidden
[2018.08.28-15.36.34:847][606]LogPlayLevel: Display: Shutting down PIE online subsystems
[2018.08.28-15.36.34:847][606]LogBlueprintUserMessages: Late EndPlayMap Detection: Level '/Game/ThirdPersonBP/Maps/ThirdPersonExampleMap.ThirdPersonExampleMap:PersistentLevel' has LevelScriptBlueprint '/Game/ThirdPersonBP/Maps/ThirdPersonExampleMap.ThirdPersonExampleMap:PersistentLevel.ThirdPersonExampleMap' with GeneratedClass '/Game/ThirdPersonBP/Maps/ThirdPersonExampleMap.ThirdPersonExampleMap_C' with ClassGeneratedBy '/Game/ThirdPersonBP/Maps/ThirdPersonExampleMap.ThirdPersonExampleMap:PersistentLevel.ThirdPersonExampleMap'
[2018.08.28-15.36.34:875][606]LogSlate: Updating window title bar state: overlay mode, drag disabled, window buttons hidden, title bar hidden
[2018.08.28-15.36.34:919][610]LogPlayLevel: Display: Destroying online subsystem :Context_6
[2018.08.28-15.36.43:320][612]LogSlate: FSceneViewport::OnFocusLost() reason 2
[2018.08.28-15.36.44:477][745]LogSlate: FSceneViewport::OnFocusLost() reason 2
[2018.08.28-15.36.47:615][117]BlueprintLog: New page: Compile ThirdPersonExampleMap
[2018.08.28-15.36.48:439][171]LogSavePackage: Moving '../../../../../../Users/u1164194/Documents/GitHub/CoopHorrorPrototype/Saved/ThirdPersonExampleMap5498F1524C303CB53A5040BEF00A7653.tmp' to '../../../../../../Users/u1164194/Documents/GitHub/CoopHorrorPrototype/Content/ThirdPersonBP/Maps/ThirdPersonExampleMap.umap'
[2018.08.28-15.36.48:464][171]LogFileHelpers: Saving map 'ThirdPersonExampleMap' took 0.258
[2018.08.28-15.36.49:431][284]LogSlate: FSceneViewport::OnFocusLost() reason 0
[2018.08.28-15.36.50:154][370]LogSlate: FSceneViewport::OnFocusLost() reason 0
[2018.08.28-15.36.50:213][377]LogTemp: Repeating last play command: Selected Viewport
[2018.08.28-15.36.50:241][377]LogBlueprintUserMessages: Early PlayInEditor Detection: Level '/Game/ThirdPersonBP/Maps/ThirdPersonExampleMap.ThirdPersonExampleMap:PersistentLevel' has LevelScriptBlueprint '/Game/ThirdPersonBP/Maps/ThirdPersonExampleMap.ThirdPersonExampleMap:PersistentLevel.ThirdPersonExampleMap' with GeneratedClass '/Game/ThirdPersonBP/Maps/ThirdPersonExampleMap.ThirdPersonExampleMap_C' with ClassGeneratedBy '/Game/ThirdPersonBP/Maps/ThirdPersonExampleMap.ThirdPersonExampleMap:PersistentLevel.ThirdPersonExampleMap'
[2018.08.28-15.36.50:242][377]LogPlayLevel: PlayLevel: No blueprints needed recompiling
[2018.08.28-15.36.50:242][377]PIE: New page: PIE session: ThirdPersonExampleMap (Aug 28, 2018, 3:36:50 AM)
[2018.08.28-15.36.50:242][377]LogPlayLevel: Creating play world package: /Game/ThirdPersonBP/Maps/UEDPIE_0_ThirdPersonExampleMap
[2018.08.28-15.36.50:246][377]LogPlayLevel: PIE: StaticDuplicateObject took: (0.004517s)
[2018.08.28-15.36.50:247][377]LogAIModule: Creating AISystem for world ThirdPersonExampleMap
[2018.08.28-15.36.50:247][377]LogPlayLevel: PIE: World Init took: (0.000667s)
[2018.08.28-15.36.50:247][377]LogPlayLevel: PIE: Created PIE world by copying editor world from /Game/ThirdPersonBP/Maps/ThirdPersonExampleMap.ThirdPersonExampleMap to /Game/ThirdPersonBP/Maps/UEDPIE_0_ThirdPersonExampleMap.ThirdPersonExampleMap (0.005327s)
[2018.08.28-15.36.50:295][377]LogInit: XAudio2 using 'Speakers (Logitech G633 Gaming Headset)' : 2 channels at 48 kHz using 16 bits per sample (channel mask 0x3)
[2018.08.28-15.36.50:303][377]LogInit: FAudioDevice initialized.
[2018.08.28-15.36.50:339][377]LogLoad: Game class is 'ThirdPersonGameMode_C'
[2018.08.28-15.36.50:341][377]LogWorld: Bringing World /Game/ThirdPersonBP/Maps/UEDPIE_0_ThirdPersonExampleMap.ThirdPersonExampleMap up for play (max tick rate 0) at 2018.08.28-09.36.50
[2018.08.28-15.36.50:341][377]LogWorld: Bringing up level for play took: 0.000954
[2018.08.28-15.36.50:357][377]PIE: Play in editor start time for /Game/ThirdPersonBP/Maps/UEDPIE_0_ThirdPersonExampleMap 0.689
[2018.08.28-15.36.50:357][377]LogBlueprintUserMessages: Late PlayInEditor Detection: Level '/Game/ThirdPersonBP/Maps/ThirdPersonExampleMap.ThirdPersonExampleMap:PersistentLevel' has LevelScriptBlueprint '/Game/ThirdPersonBP/Maps/ThirdPersonExampleMap.ThirdPersonExampleMap:PersistentLevel.ThirdPersonExampleMap' with GeneratedClass '/Game/ThirdPersonBP/Maps/ThirdPersonExampleMap.ThirdPersonExampleMap_C' with ClassGeneratedBy '/Game/ThirdPersonBP/Maps/ThirdPersonExampleMap.ThirdPersonExampleMap:PersistentLevel.ThirdPersonExampleMap'
[2018.08.28-15.36.58:149][309]LogBlueprintUserMessages: Early EndPlayMap Detection: Level '/Game/ThirdPersonBP/Maps/ThirdPersonExampleMap.ThirdPersonExampleMap:PersistentLevel' has LevelScriptBlueprint '/Game/ThirdPersonBP/Maps/ThirdPersonExampleMap.ThirdPersonExampleMap:PersistentLevel.ThirdPersonExampleMap' with GeneratedClass '/Game/ThirdPersonBP/Maps/ThirdPersonExampleMap.ThirdPersonExampleMap_C' with ClassGeneratedBy '/Game/ThirdPersonBP/Maps/ThirdPersonExampleMap.ThirdPersonExampleMap:PersistentLevel.ThirdPersonExampleMap'
[2018.08.28-15.36.58:149][309]LogSlate: Updating window title bar state: overlay mode, drag disabled, window buttons hidden, title bar hidden
[2018.08.28-15.36.58:183][309]LogPlayLevel: Display: Shutting down PIE online subsystems
[2018.08.28-15.36.58:183][309]LogBlueprintUserMessages: Late EndPlayMap Detection: Level '/Game/ThirdPersonBP/Maps/ThirdPersonExampleMap.ThirdPersonExampleMap:PersistentLevel' has LevelScriptBlueprint '/Game/ThirdPersonBP/Maps/ThirdPersonExampleMap.ThirdPersonExampleMap:PersistentLevel.ThirdPersonExampleMap' with GeneratedClass '/Game/ThirdPersonBP/Maps/ThirdPersonExampleMap.ThirdPersonExampleMap_C' with ClassGeneratedBy '/Game/ThirdPersonBP/Maps/ThirdPersonExampleMap.ThirdPersonExampleMap:PersistentLevel.ThirdPersonExampleMap'
[2018.08.28-15.36.58:208][309]LogSlate: Updating window title bar state: overlay mode, drag disabled, window buttons hidden, title bar hidden
[2018.08.28-15.36.58:253][313]LogPlayLevel: Display: Destroying online subsystem :Context_7
[2018.08.28-15.37.02:287][794]LogEditorViewport: Clicking on Actor (LMB): PlayerStart (NetworkPlayerStart2)
[2018.08.28-15.37.02:867][856]LogNavigationPoint: PostEditMove Clear paths rebuilt
[2018.08.28-15.37.06:186][243]LogSlate: FSceneViewport::OnFocusLost() reason 0
[2018.08.28-15.39.02:914][ 53]LogSlate: FSceneViewport::OnFocusLost() reason 2
[2018.08.28-15.39.04:008][175]LogSlate: FSceneViewport::OnFocusLost() reason 2
[2018.08.28-15.39.05:038][175]LogSlate: Only BGRA pngs, bmps or icos are supported in by External Image Picker
[2018.08.28-15.39.05:113][176]LogTemp: Executing iPhonePackager certificates Engine -bundlename com.YourCompany.CoopHorrorProject
[2018.08.28-15.39.05:113][176]LogTemp: CWD: C:\Program Files\Epic Games\UE_4.20\Engine\Binaries\DotNET\IOS
[2018.08.28-15.39.05:113][176]LogTemp: Initial Dir: C:\Program Files\Epic Games\UE_4.20
[2018.08.28-15.39.05:113][176]LogTemp: Env CWD: C:\Program Files\Epic Games\UE_4.20\Engine\Binaries\DotNET\IOS
[2018.08.28-15.39.05:113][176]LogTemp: BranchPath = eae-d-109/C/Program Files/Epic Games/UE_4.20/Engine/Binaries --- GameBranchPath = eae-d-109/C/Program Files/Epic Games/UE_4.20/Engine/Binaries
[2018.08.28-15.39.05:142][177]LogTemp: IPP ERROR: Could not find provision directory 'C:\Users\u1164194\AppData\Local/Apple Computer/MobileDevice/Provisioning Profiles/'.
[2018.08.28-15.39.39:937][989]LogSlate: Window 'Project Settings' being destroyed
[2018.08.28-15.39.39:941][989]LogSlate: Window 'Project Settings' being destroyed
[2018.08.28-15.39.41:115][127]LogTemp: Repeating last play command: Selected Viewport
[2018.08.28-15.39.41:130][127]LogBlueprintUserMessages: Early PlayInEditor Detection: Level '/Game/ThirdPersonBP/Maps/ThirdPersonExampleMap.ThirdPersonExampleMap:PersistentLevel' has LevelScriptBlueprint '/Game/ThirdPersonBP/Maps/ThirdPersonExampleMap.ThirdPersonExampleMap:PersistentLevel.ThirdPersonExampleMap' with GeneratedClass '/Game/ThirdPersonBP/Maps/ThirdPersonExampleMap.ThirdPersonExampleMap_C' with ClassGeneratedBy '/Game/ThirdPersonBP/Maps/ThirdPersonExampleMap.ThirdPersonExampleMap:PersistentLevel.ThirdPersonExampleMap'
[2018.08.28-15.39.41:130][127]LogPlayLevel: PlayLevel: No blueprints needed recompiling
[2018.08.28-15.39.41:130][127]PIE: New page: PIE session: ThirdPersonExampleMap (Aug 28, 2018, 3:39:41 AM)
[2018.08.28-15.39.41:130][127]LogPlayLevel: Creating play world package: /Game/ThirdPersonBP/Maps/UEDPIE_0_ThirdPersonExampleMap
[2018.08.28-15.39.41:134][127]LogPlayLevel: PIE: StaticDuplicateObject took: (0.003751s)
[2018.08.28-15.39.41:134][127]LogAIModule: Creating AISystem for world ThirdPersonExampleMap
[2018.08.28-15.39.41:134][127]LogPlayLevel: PIE: World Init took: (0.000635s)
[2018.08.28-15.39.41:134][127]LogPlayLevel: PIE: Created PIE world by copying editor world from /Game/ThirdPersonBP/Maps/ThirdPersonExampleMap.ThirdPersonExampleMap to /Game/ThirdPersonBP/Maps/UEDPIE_0_ThirdPersonExampleMap.ThirdPersonExampleMap (0.004500s)
[2018.08.28-15.39.41:175][127]LogInit: XAudio2 using 'Speakers (Logitech G633 Gaming Headset)' : 2 channels at 48 kHz using 16 bits per sample (channel mask 0x3)
[2018.08.28-15.39.41:181][127]LogInit: FAudioDevice initialized.
[2018.08.28-15.39.41:212][127]LogLoad: Game class is 'ThirdPersonGameMode_C'
[2018.08.28-15.39.41:213][127]LogWorld: Bringing World /Game/ThirdPersonBP/Maps/UEDPIE_0_ThirdPersonExampleMap.ThirdPersonExampleMap up for play (max tick rate 0) at 2018.08.28-09.39.41
[2018.08.28-15.39.41:213][127]LogWorld: Bringing up level for play took: 0.000695
[2018.08.28-15.39.41:228][127]PIE: Play in editor start time for /Game/ThirdPersonBP/Maps/UEDPIE_0_ThirdPersonExampleMap -0.433
[2018.08.28-15.39.41:235][127]LogBlueprintUserMessages: Late PlayInEditor Detection: Level '/Game/ThirdPersonBP/Maps/ThirdPersonExampleMap.ThirdPersonExampleMap:PersistentLevel' has LevelScriptBlueprint '/Game/ThirdPersonBP/Maps/ThirdPersonExampleMap.ThirdPersonExampleMap:PersistentLevel.ThirdPersonExampleMap' with GeneratedClass '/Game/ThirdPersonBP/Maps/ThirdPersonExampleMap.ThirdPersonExampleMap_C' with ClassGeneratedBy '/Game/ThirdPersonBP/Maps/ThirdPersonExampleMap.ThirdPersonExampleMap:PersistentLevel.ThirdPersonExampleMap'
[2018.08.28-15.39.46:093][706]LogBlueprintUserMessages: Early EndPlayMap Detection: Level '/Game/ThirdPersonBP/Maps/ThirdPersonExampleMap.ThirdPersonExampleMap:PersistentLevel' has LevelScriptBlueprint '/Game/ThirdPersonBP/Maps/ThirdPersonExampleMap.ThirdPersonExampleMap:PersistentLevel.ThirdPersonExampleMap' with GeneratedClass '/Game/ThirdPersonBP/Maps/ThirdPersonExampleMap.ThirdPersonExampleMap_C' with ClassGeneratedBy '/Game/ThirdPersonBP/Maps/ThirdPersonExampleMap.ThirdPersonExampleMap:PersistentLevel.ThirdPersonExampleMap'
[2018.08.28-15.39.46:093][706]LogSlate: Updating window title bar state: overlay mode, drag disabled, window buttons hidden, title bar hidden
[2018.08.28-15.39.46:125][706]LogPlayLevel: Display: Shutting down PIE online subsystems
[2018.08.28-15.39.46:125][706]LogBlueprintUserMessages: Late EndPlayMap Detection: Level '/Game/ThirdPersonBP/Maps/ThirdPersonExampleMap.ThirdPersonExampleMap:PersistentLevel' has LevelScriptBlueprint '/Game/ThirdPersonBP/Maps/ThirdPersonExampleMap.ThirdPersonExampleMap:PersistentLevel.ThirdPersonExampleMap' with GeneratedClass '/Game/ThirdPersonBP/Maps/ThirdPersonExampleMap.ThirdPersonExampleMap_C' with ClassGeneratedBy '/Game/ThirdPersonBP/Maps/ThirdPersonExampleMap.ThirdPersonExampleMap:PersistentLevel.ThirdPersonExampleMap'
[2018.08.28-15.39.46:150][706]LogSlate: Updating window title bar state: overlay mode, drag disabled, window buttons hidden, title bar hidden
[2018.08.28-15.39.46:193][710]LogPlayLevel: Display: Destroying online subsystem :Context_8
[2018.08.28-15.40.21:202][908]LogEditorViewport: Clicking on Actor (LMB): StaticMeshActor (TestRealMaze)
[2018.08.28-15.40.39:429][ 58]LogSlate: FSceneViewport::OnFocusLost() reason 0
[2018.08.28-15.45.45:267][524]LogSlate: Took 0.005187 seconds to synchronously load lazily loaded font '../../../Engine/Content/Slate/Fonts/Roboto-Italic.ttf' (157K)
[2018.08.28-15.45.52:786][927]LogSlate: Window 'Save Content' being destroyed
[2018.08.28-15.45.53:047][927]LogSavePackage: Moving '../../../../../../Users/u1164194/Documents/GitHub/CoopHorrorPrototype/Saved/ThirdPersonExampleMapC6A684AD42CFF1213AFCD3AFFE6DFDCD.tmp' to '../../../../../../Users/u1164194/Documents/GitHub/CoopHorrorPrototype/Content/ThirdPersonBP/Maps/ThirdPersonExampleMap.umap'
[2018.08.28-15.45.53:076][927]LogFileHelpers: Saving map 'ThirdPersonExampleMap' took 0.273
[2018.08.28-15.45.53:150][927]LogSlate: Window 'ThirdPersonExampleMap - Level Blueprint Editor' being destroyed
[2018.08.28-15.45.53:181][927]LogSlate: Window 'CoopHorrorProject - Unreal Editor' being destroyed
[2018.08.28-15.45.53:182][927]LogWindowsTextInputMethodSystem: Display: IME system now deactivated.
[2018.08.28-15.45.53:360][928]Cmd: QUIT_EDITOR
[2018.08.28-15.45.54:341][928]LogExit: Preparing to exit.
[2018.08.28-15.45.54:457][928]LogExit: Editor shut down
[2018.08.28-15.45.54:458][928]LogExit: Transaction tracking system shut down
[2018.08.28-15.45.54:830][928]LogExit: Object subsystem successfully closed.
[2018.08.28-15.45.54:851][928]LogShaderCompilers: Display: Shaders left to compile 0
[2018.08.28-15.45.54:855][928]LogD3D11RHI: Shutdown
[2018.08.28-15.45.54:855][928]LogD3D11RHI: CleanupD3DDevice
[2018.08.28-15.45.54:858][928]LogD3D11RHI: ~FD3D11DynamicRHI
[2018.08.28-15.45.54:878][928]LogModuleManager: Shutting down and abandoning module ExternalImagePicker (620)
[2018.08.28-15.45.54:878][928]LogModuleManager: Shutting down and abandoning module MovieSceneCapture (618)
[2018.08.28-15.45.54:878][928]LogModuleManager: Shutting down and abandoning module Voice (616)
[2018.08.28-15.45.54:878][928]LogModuleManager: Shutting down and abandoning module BlueprintGraph (614)
[2018.08.28-15.45.54:878][928]LogModuleManager: Shutting down and abandoning module HierarchicalLODOutliner (612)
[2018.08.28-15.45.54:878][928]LogModuleManager: Shutting down and abandoning module SceneOutliner (610)
[2018.08.28-15.45.54:878][928]LogModuleManager: Shutting down and abandoning module AddContentDialog (608)
[2018.08.28-15.45.54:878][928]LogModuleManager: Shutting down and abandoning module WidgetCarousel (607)
[2018.08.28-15.45.54:878][928]LogModuleManager: Shutting down and abandoning module EditorWidgets (604)
[2018.08.28-15.45.54:878][928]LogModuleManager: Shutting down and abandoning module CollectionManager (602)
[2018.08.28-15.45.54:878][928]LogModuleManager: Shutting down and abandoning module MeshBuilder (600)
[2018.08.28-15.45.54:879][928]LogModuleManager: Shutting down and abandoning module StatsViewer (598)
[2018.08.28-15.45.54:879][928]LogModuleManager: Shutting down and abandoning module FoliageEdit (596)
[2018.08.28-15.45.54:879][928]LogModuleManager: Shutting down and abandoning module LandscapeEditor (594)
[2018.08.28-15.45.54:879][928]LogModuleManager: Shutting down and abandoning module MeshPaintMode (592)
[2018.08.28-15.45.54:879][928]LogModuleManager: Shutting down and abandoning module SceneDepthPickerMode (590)
[2018.08.28-15.45.54:879][928]LogModuleManager: Shutting down and abandoning module ActorPickerMode (588)
[2018.08.28-15.45.54:879][928]LogModuleManager: Shutting down and abandoning module GeometryMode (586)
[2018.08.28-15.45.54:879][928]LogModuleManager: Shutting down and abandoning module TextureAlignMode (584)
[2018.08.28-15.45.54:879][928]LogModuleManager: Shutting down and abandoning module BspMode (582)
[2018.08.28-15.45.54:879][928]LogModuleManager: Shutting down and abandoning module PIEPreviewDeviceProfileSelector (580)
[2018.08.28-15.45.54:879][928]LogModuleManager: Shutting down and abandoning module SequenceRecorderSections (578)
[2018.08.28-15.45.54:879][928]LogModuleManager: Shutting down and abandoning module AutomationWorker (576)
[2018.08.28-15.45.54:879][928]LogModuleManager: Shutting down and abandoning module AudioCaptureEditor (574)
[2018.08.28-15.45.54:879][928]LogModuleManager: Shutting down and abandoning module SequenceRecorder (573)
[2018.08.28-15.45.54:879][928]LogModuleManager: Shutting down and abandoning module MatineeToLevelSequence (570)
[2018.08.28-15.45.54:879][928]LogModuleManager: Shutting down and abandoning module LevelSequenceEditor (568)
[2018.08.28-15.45.54:879][928]LogModuleManager: Shutting down and abandoning module PlacementMode (567)
[2018.08.28-15.45.54:879][928]LogModuleManager: Shutting down and abandoning module MaterialEditor (566)
[2018.08.28-15.45.54:879][928]LogModuleManager: Shutting down and abandoning module WmfMediaFactory (562)
[2018.08.28-15.45.54:879][928]LogModuleManager: Shutting down and abandoning module WmfMediaEditor (560)
[2018.08.28-15.45.54:879][928]LogModuleManager: Shutting down and abandoning module MediaPlayerEditor (558)
[2018.08.28-15.45.54:879][928]LogModuleManager: Shutting down and abandoning module OpenExrWrapper (556)
[2018.08.28-15.45.54:879][928]LogModuleManager: Shutting down and abandoning module ImgMediaFactory (554)
[2018.08.28-15.45.54:879][928]LogModuleManager: Shutting down and abandoning module ImgMediaEditor (552)
[2018.08.28-15.45.54:879][928]LogModuleManager: Shutting down and abandoning module AvfMediaFactory (550)
[2018.08.28-15.45.54:879][928]LogModuleManager: Shutting down and abandoning module AvfMediaEditor (548)
[2018.08.28-15.45.54:879][928]LogModuleManager: Shutting down and abandoning module AndroidMediaFactory (546)
[2018.08.28-15.45.54:879][928]LogModuleManager: Shutting down and abandoning module AndroidMediaEditor (544)
[2018.08.28-15.45.54:879][928]LogModuleManager: Shutting down and abandoning module MagicLeapCameraPreviewFactory (542)
[2018.08.28-15.45.54:879][928]LogModuleManager: Shutting down and abandoning module MagicLeapMediaFactory (540)
[2018.08.28-15.45.54:879][928]LogModuleManager: Shutting down and abandoning module MagicLeapMediaEditor (538)
[2018.08.28-15.45.54:879][928]LogModuleManager: Shutting down and abandoning module CharacterAI (536)
[2018.08.28-15.45.54:879][928]LogModuleManager: Shutting down and abandoning module SmartSnapping (534)
[2018.08.28-15.45.54:879][928]LogModuleManager: Shutting down and abandoning module SessionServices (532)
[2018.08.28-15.45.54:879][928]LogModuleManager: Shutting down and abandoning module ViewportSnapping (530)
[2018.08.28-15.45.54:879][928]LogModuleManager: Shutting down and abandoning module ViewportInteraction (528)
[2018.08.28-15.45.54:879][928]LogModuleManager: Shutting down and abandoning module ClothPainter (526)
[2018.08.28-15.45.54:879][928]LogModuleManager: Shutting down and abandoning module SkeletalMeshEditor (525)
[2018.08.28-15.45.54:880][928]LogModuleManager: Shutting down and abandoning module LogVisualizer (522)
[2018.08.28-15.45.54:880][928]LogModuleManager: Shutting down and abandoning module IntroTutorials (520)
[2018.08.28-15.45.54:880][928]LogModuleManager: Shutting down and abandoning module GameProjectGeneration (519)
[2018.08.28-15.45.54:880][928]LogModuleManager: Shutting down and abandoning module LuminPlatformEditor (516)
[2018.08.28-15.45.54:880][928]LogModuleManager: Shutting down and abandoning module IOSPlatformEditor (514)
[2018.08.28-15.45.54:880][928]LogModuleManager: Shutting down and abandoning module HTML5PlatformEditor (512)
[2018.08.28-15.45.54:880][928]LogModuleManager: Shutting down and abandoning module AndroidPlatformEditor (510)
[2018.08.28-15.45.54:880][928]LogModuleManager: Shutting down and abandoning module AndroidDeviceDetection (509)
[2018.08.28-15.45.55:320][928]LogModuleManager: Shutting down and abandoning module WindowsPlatformEditor (506)
[2018.08.28-15.45.55:320][928]LogModuleManager: Shutting down and abandoning module LuminRuntimeSettings (504)
[2018.08.28-15.45.55:320][928]LogModuleManager: Shutting down and abandoning module IOSRuntimeSettings (502)
[2018.08.28-15.45.55:320][928]LogModuleManager: Shutting down and abandoning module AndroidRuntimeSettings (500)
[2018.08.28-15.45.55:320][928]LogModuleManager: Shutting down and abandoning module InputBindingEditor (498)
[2018.08.28-15.45.55:320][928]LogModuleManager: Shutting down and abandoning module MergeActors (496)
[2018.08.28-15.45.55:320][928]LogModuleManager: Shutting down and abandoning module LocalizationDashboard (494)
[2018.08.28-15.45.55:320][928]LogModuleManager: Shutting down and abandoning module LocalizationService (493)
[2018.08.28-15.45.55:320][928]LogModuleManager: Shutting down and abandoning module HardwareTargeting (490)
[2018.08.28-15.45.55:320][928]LogModuleManager: Shutting down and abandoning module DeviceProfileEditor (488)
[2018.08.28-15.45.55:320][928]LogModuleManager: Shutting down and abandoning module UndoHistory (486)
[2018.08.28-15.45.55:320][928]LogModuleManager: Shutting down and abandoning module XmlParser (484)
[2018.08.28-15.45.55:320][928]LogModuleManager: Shutting down and abandoning module Blutility (482)
[2018.08.28-15.45.55:320][928]LogModuleManager: Shutting down and abandoning module ProjectSettingsViewer (480)
[2018.08.28-15.45.55:320][928]LogModuleManager: Shutting down and abandoning module ProjectTargetPlatformEditor (479)
[2018.08.28-15.45.55:320][928]LogModuleManager: Shutting down and abandoning module EditorSettingsViewer (476)
[2018.08.28-15.45.55:320][928]LogModuleManager: Shutting down and abandoning module SettingsEditor (474)
[2018.08.28-15.45.55:320][928]LogModuleManager: Shutting down and abandoning module ProjectLauncher (472)
[2018.08.28-15.45.55:320][928]LogModuleManager: Shutting down and abandoning module SessionFrontend (470)
[2018.08.28-15.45.55:321][928]LogModuleManager: Shutting down and abandoning module ProfilerClient (468)
[2018.08.28-15.45.55:321][928]LogModuleManager: Shutting down and abandoning module DeviceManager (466)
[2018.08.28-15.45.55:321][928]LogModuleManager: Shutting down and abandoning module TargetDeviceServices (465)
[2018.08.28-15.45.55:387][928]LogModuleManager: Shutting down and abandoning module AutomationController (462)
[2018.08.28-15.45.55:387][928]LogModuleManager: Shutting down and abandoning module AutomationWindow (460)
[2018.08.28-15.45.55:387][928]LogModuleManager: Shutting down and abandoning module Layers (458)
[2018.08.28-15.45.55:387][928]LogModuleManager: Shutting down and abandoning module ComponentVisualizers (456)
[2018.08.28-15.45.55:387][928]LogModuleManager: Shutting down and abandoning module DetailCustomizations (454)
[2018.08.28-15.45.55:387][928]LogModuleManager: Shutting down and abandoning module PackagesDialog (452)
[2018.08.28-15.45.55:387][928]LogModuleManager: Shutting down and abandoning module Persona (450)
[2018.08.28-15.45.55:387][928]LogModuleManager: Shutting down and abandoning module AdvancedPreviewScene (449)
[2018.08.28-15.45.55:387][928]LogModuleManager: Shutting down and abandoning module AnimGraph (447)
[2018.08.28-15.45.55:387][928]LogModuleManager: Shutting down and abandoning module Kismet (444)
[2018.08.28-15.45.55:392][928]LogModuleManager: Shutting down and abandoning module GraphEditor (442)
[2018.08.28-15.45.55:392][928]LogModuleManager: Shutting down and abandoning module ClassViewer (440)
[2018.08.28-15.45.55:392][928]LogModuleManager: Shutting down and abandoning module Toolbox (438)
[2018.08.28-15.45.55:392][928]LogModuleManager: Shutting down and abandoning module ModuleUI (436)
[2018.08.28-15.45.55:392][928]LogModuleManager: Shutting down and abandoning module MovieSceneTools (434)
[2018.08.28-15.45.55:392][928]LogModuleManager: Shutting down and abandoning module OutputLog (432)
[2018.08.28-15.45.55:392][928]LogModuleManager: Shutting down and abandoning module GammaUI (430)
[2018.08.28-15.45.55:392][928]LogModuleManager: Shutting down and abandoning module Documentation (428)
[2018.08.28-15.45.55:392][928]LogModuleManager: Shutting down and abandoning module MovieSceneTracks (426)
[2018.08.28-15.45.55:392][928]LogModuleManager: Shutting down and abandoning module MovieScene (424)
[2018.08.28-15.45.55:392][928]LogModuleManager: Shutting down and abandoning module StreamingPauseRendering (422)
[2018.08.28-15.45.55:392][928]LogModuleManager: Shutting down and abandoning module LauncherPlatform (420)
[2018.08.28-15.45.55:392][928]LogModuleManager: Shutting down and abandoning module AnalyticsET (418)
[2018.08.28-15.45.55:392][928]LogModuleManager: Shutting down and abandoning module PortalServices (416)
[2018.08.28-15.45.55:392][928]LogModuleManager: Shutting down and abandoning module PortalRpc (414)
[2018.08.28-15.45.55:392][928]LogModuleManager: Shutting down and abandoning module MessagingRpc (412)
[2018.08.28-15.45.55:392][928]LogModuleManager: Shutting down and abandoning module AIModule (410)
[2018.08.28-15.45.55:393][928]LogModuleManager: Shutting down and abandoning module GameplayDebugger (409)
[2018.08.28-15.45.55:393][928]LogModuleManager: Shutting down and abandoning module AITestSuite (407)
[2018.08.28-15.45.55:393][928]LogModuleManager: Shutting down and abandoning module NavigationSystem (405)
[2018.08.28-15.45.55:393][928]LogModuleManager: Shutting down and abandoning module DesktopPlatform (402)
[2018.08.28-15.45.55:393][928]LogModuleManager: Shutting down and abandoning module ProfilerService (400)
[2018.08.28-15.45.55:549][928]LogModuleManager: Shutting down and abandoning module TaskGraph (398)
[2018.08.28-15.45.55:549][928]LogModuleManager: Shutting down and abandoning module SteamVRController (396)
[2018.08.28-15.45.55:549][928]LogModuleManager: Shutting down and abandoning module ProceduralMeshComponentEditor (394)
[2018.08.28-15.45.55:549][928]LogModuleManager: Shutting down and abandoning module ProceduralMeshComponent (392)
[2018.08.28-15.45.55:549][928]LogModuleManager: Shutting down and abandoning module OculusInput (390)
[2018.08.28-15.45.55:549][928]LogModuleManager: Shutting down and abandoning module MobilePatchingUtils (388)
[2018.08.28-15.45.55:549][928]LogModuleManager: Shutting down and abandoning module EditableMesh (386)
[2018.08.28-15.45.55:549][928]LogModuleManager: Shutting down and abandoning module CustomMeshComponent (384)
[2018.08.28-15.45.55:549][928]LogModuleManager: Shutting down and abandoning module CableComponent (382)
[2018.08.28-15.45.55:549][928]LogModuleManager: Shutting down and abandoning module AudioCapture (380)
[2018.08.28-15.45.55:549][928]LogModuleManager: Shutting down and abandoning module ArchVisCharacter (378)
[2018.08.28-15.45.55:549][928]LogModuleManager: Shutting down and abandoning module AndroidPermission (376)
[2018.08.28-15.45.55:549][928]LogModuleManager: Shutting down and abandoning module NUTUnrealEngine4 (374)
[2018.08.28-15.45.55:549][928]LogModuleManager: Shutting down and abandoning module NetcodeUnitTest (372)
[2018.08.28-15.45.55:549][928]LogModuleManager: Shutting down and abandoning module MediaCompositingEditor (370)
[2018.08.28-15.45.55:549][928]LogModuleManager: Shutting down and abandoning module MediaCompositing (368)
[2018.08.28-15.45.55:549][928]LogModuleManager: Shutting down and abandoning module LinearTimecode (366)
[2018.08.28-15.45.55:549][928]LogModuleManager: Shutting down and abandoning module ImgMedia (364)
[2018.08.28-15.45.55:552][928]LogModuleManager: Shutting down and abandoning module HTML5Networking (362)
[2018.08.28-15.45.55:552][928]LogModuleManager: Shutting down and abandoning module GeometryCacheTracks (360)
[2018.08.28-15.45.55:552][928]LogModuleManager: Shutting down and abandoning module GeometryCacheSequencer (358)
[2018.08.28-15.45.55:552][928]LogModuleManager: Shutting down and abandoning module BackChannel (356)
[2018.08.28-15.45.55:552][928]LogModuleManager: Shutting down and abandoning module AppleVision (354)
[2018.08.28-15.45.55:552][928]LogModuleManager: Shutting down and abandoning module AppleImageUtils (352)
[2018.08.28-15.45.55:552][928]LogModuleManager: Shutting down and abandoning module AlembicImporter (350)
[2018.08.28-15.45.55:552][928]LogModuleManager: Shutting down and abandoning module AlembicLibrary (349)
[2018.08.28-15.45.55:552][928]LogModuleManager: Shutting down and abandoning module GeometryCache (348)
[2018.08.28-15.45.55:552][928]LogModuleManager: Shutting down and abandoning module GeometryCacheEd (347)
[2018.08.28-15.45.55:552][928]LogModuleManager: Shutting down and abandoning module DatasmithContentEditor (342)
[2018.08.28-15.45.55:552][928]LogModuleManager: Shutting down and abandoning module DatasmithContent (340)
[2018.08.28-15.45.55:553][928]LogModuleManager: Shutting down and abandoning module SpeedTreeImporter (338)
[2018.08.28-15.45.55:553][928]LogModuleManager: Shutting down and abandoning module PluginBrowser (336)
[2018.08.28-15.45.55:553][928]LogModuleManager: Shutting down and abandoning module MobileLauncherProfileWizard (334)
[2018.08.28-15.45.55:553][928]LogModuleManager: Shutting down and abandoning module PolygonModeling (332)
[2018.08.28-15.45.55:553][928]LogModuleManager: Shutting down and abandoning module MeshEditor (330)
[2018.08.28-15.45.55:553][928]LogModuleManager: Shutting down and abandoning module CryptoKeysOpenSSL (328)
[2018.08.28-15.45.55:553][928]LogModuleManager: Shutting down and abandoning module CryptoKeys (326)
[2018.08.28-15.45.55:553][928]LogModuleManager: Shutting down and abandoning module VisualStudioSourceCodeAccess (324)
[2018.08.28-15.45.55:553][928]LogModuleManager: Shutting down and abandoning module VisualStudioCodeSourceCodeAccess (322)
[2018.08.28-15.45.55:553][928]LogModuleManager: Shutting down and abandoning module UObjectPlugin (320)
[2018.08.28-15.45.55:553][928]LogModuleManager: Shutting down and abandoning module SubversionSourceControl (318)
[2018.08.28-15.45.55:553][928]LogModuleManager: Shutting down and abandoning module PerforceSourceControl (316)
[2018.08.28-15.45.55:553][928]LogModuleManager: Shutting down and abandoning module GitSourceControl (314)
[2018.08.28-15.45.55:553][928]LogModuleManager: Shutting down and abandoning module SourceControl (313)
[2018.08.28-15.45.55:553][928]LogModuleManager: Shutting down and abandoning module CLionSourceCodeAccess (310)
[2018.08.28-15.45.55:553][928]LogModuleManager: Shutting down and abandoning module LightPropagationVolumeEditor (308)
[2018.08.28-15.45.55:553][928]LogModuleManager: Shutting down and abandoning module PaperTiledImporter (306)
[2018.08.28-15.45.55:553][928]LogModuleManager: Shutting down and abandoning module PaperSpriteSheetImporter (304)
[2018.08.28-15.45.55:553][928]LogModuleManager: Shutting down and abandoning module Paper2DEditor (302)
[2018.08.28-15.45.55:553][928]LogModuleManager: Shutting down and abandoning module MeshPaint (301)
[2018.08.28-15.45.55:553][928]LogModuleManager: Shutting down and abandoning module RuntimePhysXCooking (298)
[2018.08.28-15.45.55:553][928]LogModuleManager: Shutting down and abandoning module PhysXVehiclesEditor (296)
[2018.08.28-15.45.55:553][928]LogModuleManager: Shutting down and abandoning module PhysXVehicles (294)
[2018.08.28-15.45.55:553][928]LogModuleManager: Shutting down and abandoning module OculusEditor (292)
[2018.08.28-15.45.55:553][928]LogModuleManager: Shutting down and abandoning module LocationServicesBPLibrary (290)
[2018.08.28-15.45.55:553][928]LogModuleManager: Shutting down and abandoning module ImmediatePhysicsEditor (288)
[2018.08.28-15.45.55:553][928]LogModuleManager: Shutting down and abandoning module ImmediatePhysics (286)
[2018.08.28-15.45.55:554][928]LogModuleManager: Shutting down and abandoning module ActorSequence (284)
[2018.08.28-15.45.55:554][928]LogModuleManager: Shutting down and abandoning module UdpMessaging (282)
[2018.08.28-15.45.55:655][928]LogModuleManager: Shutting down and abandoning module TcpMessaging (280)
[2018.08.28-15.45.55:755][928]LogModuleManager: Shutting down and abandoning module MagicLeapAudio (278)
[2018.08.28-15.45.55:755][928]LogModuleManager: Shutting down and abandoning module GameplayTagsEditor (276)
[2018.08.28-15.45.55:755][928]LogModuleManager: Shutting down and abandoning module FacialAnimationEditor (274)
[2018.08.28-15.45.55:755][928]LogModuleManager: Shutting down and abandoning module FacialAnimation (272)
[2018.08.28-15.45.55:755][928]LogModuleManager: Shutting down and abandoning module DataValidation (270)
[2018.08.28-15.45.55:755][928]LogModuleManager: Shutting down and abandoning module AssetManagerEditor (268)
[2018.08.28-15.45.55:755][928]LogModuleManager: Shutting down and abandoning module LevelEditor (267)
[2018.08.28-15.45.55:755][928]LogModuleManager: Shutting down and abandoning module PixelInspectorModule (266)
[2018.08.28-15.45.55:755][928]LogModuleManager: Shutting down and abandoning module CommonMenuExtensions (264)
[2018.08.28-15.45.55:756][928]LogModuleManager: Shutting down and abandoning module MainFrame (262)
[2018.08.28-15.45.55:756][928]LogModuleManager: Shutting down and abandoning module HotReload (261)
[2018.08.28-15.45.55:756][928]LogModuleManager: Shutting down and abandoning module ContentBrowser (257)
[2018.08.28-15.45.55:757][928]LogModuleManager: Shutting down and abandoning module TreeMap (255)
[2018.08.28-15.45.55:757][928]LogModuleManager: Shutting down and abandoning module LightPropagationVolumeRuntime (252)
[2018.08.28-15.45.55:757][928]LogModuleManager: Shutting down and abandoning module AISupportModule (250)
[2018.08.28-15.45.55:757][928]LogModuleManager: Shutting down and abandoning module Paper2D (248)
[2018.08.28-15.45.55:757][928]LogModuleManager: Shutting down and abandoning module WindowsMoviePlayer (246)
[2018.08.28-15.45.55:757][928]LogModuleManager: Shutting down and abandoning module WmfMedia (244)
[2018.08.28-15.45.55:759][928]LogModuleManager: Shutting down and abandoning module Media (243)
[2018.08.28-15.45.55:764][928]LogModuleManager: Shutting down and abandoning module PacketHandler (240)
[2018.08.28-15.45.55:764][928]LogModuleManager: Shutting down and abandoning module ClothingSystemEditor (238)
[2018.08.28-15.45.55:764][928]LogModuleManager: Shutting down and abandoning module ClothingSystemRuntime (236)
[2018.08.28-15.45.55:764][928]LogModuleManager: Shutting down and abandoning module MediaAssets (234)
[2018.08.28-15.45.55:764][928]LogModuleManager: Shutting down and abandoning module Overlay (232)
[2018.08.28-15.45.55:764][928]LogModuleManager: Shutting down and abandoning module OverlayEditor (231)
[2018.08.28-15.45.55:764][928]LogModuleManager: Shutting down and abandoning module VREditor (228)
[2018.08.28-15.45.55:764][928]LogModuleManager: Shutting down and abandoning module StringTableEditor (226)
[2018.08.28-15.45.55:764][928]LogModuleManager: Shutting down and abandoning module GameplayTasksEditor (224)
[2018.08.28-15.45.55:764][928]LogModuleManager: Shutting down and abandoning module BehaviorTreeEditor (222)
[2018.08.28-15.45.55:764][928]LogModuleManager: Shutting down and abandoning module FunctionalTesting (220)
[2018.08.28-15.45.55:764][928]LogModuleManager: Shutting down and abandoning module CollisionAnalyzer (218)
[2018.08.28-15.45.55:764][928]LogModuleManager: Shutting down and abandoning module WorkspaceMenuStructure (217)
[2018.08.28-15.45.55:764][928]LogModuleManager: Shutting down and abandoning module UMG (214)
[2018.08.28-15.45.55:764][928]LogModuleManager: Shutting down and abandoning module UMGEditor (213)
[2018.08.28-15.45.55:764][928]LogModuleManager: Shutting down and abandoning module Sequencer (212)
[2018.08.28-15.45.55:764][928]LogModuleManager: Shutting down and abandoning module MessageLog (209)
[2018.08.28-15.45.55:764][928]LogModuleManager: Shutting down and abandoning module SlateReflector (204)
[2018.08.28-15.45.55:764][928]LogModuleManager: Shutting down and abandoning module Slate (202)
[2018.08.28-15.45.55:764][928]LogModuleManager: Shutting down and abandoning module EditorStyle (200)
[2018.08.28-15.45.55:766][928]LogModuleManager: Shutting down and abandoning module MRMesh (198)
[2018.08.28-15.45.55:766][928]LogModuleManager: Shutting down and abandoning module SourceCodeAccess (196)
[2018.08.28-15.45.55:766][928]LogModuleManager: Shutting down and abandoning module HeadMountedDisplay (194)
[2018.08.28-15.45.55:766][928]LogModuleManager: Shutting down and abandoning module XAudio2 (192)
[2018.08.28-15.45.55:766][928]LogModuleManager: Shutting down and abandoning module Networking (190)
[2018.08.28-15.45.55:766][928]LogModuleManager: Shutting down and abandoning module Core (188)
[2018.08.28-15.45.55:766][928]LogModuleManager: Shutting down and abandoning module LevelSequence (186)
[2018.08.28-15.45.55:766][928]LogModuleManager: Shutting down and abandoning module KismetCompiler (184)
[2018.08.28-15.45.55:766][928]LogModuleManager: Shutting down and abandoning module MeshUtilities (182)
[2018.08.28-15.45.55:766][928]LogModuleManager: Shutting down and abandoning module MeshMergeUtilities (181)
[2018.08.28-15.45.55:766][928]LogModuleManager: Shutting down and abandoning module MeshReductionInterface (180)
[2018.08.28-15.45.55:766][928]LogModuleManager: Shutting down and abandoning module SimplygonSwarm (179)
[2018.08.28-15.45.55:766][928]LogModuleManager: Shutting down and abandoning module ProxyLODMeshReduction (177)
[2018.08.28-15.45.55:766][928]LogModuleManager: Shutting down and abandoning module SimplygonMeshReduction (175)
[2018.08.28-15.45.55:766][928]LogModuleManager: Shutting down and abandoning module QuadricMeshReduction (173)
[2018.08.28-15.45.55:766][928]LogModuleManager: Shutting down and abandoning module MaterialBaking (169)
[2018.08.28-15.45.55:766][928]LogModuleManager: Shutting down and abandoning module DirectoryWatcher (165)
[2018.08.28-15.45.55:766][928]LogModuleManager: Shutting down and abandoning module DerivedDataCache (162)
[2018.08.28-15.45.55:790][928]LogDerivedDataCache: Shutdown
[2018.08.28-15.45.55:790][928]LogModuleManager: Shutting down and abandoning module XGEController (160)
[2018.08.28-15.45.55:790][928]LogModuleManager: Shutting down and abandoning module TargetPlatform (158)
[2018.08.28-15.45.55:790][928]LogModuleManager: Shutting down and abandoning module VulkanShaderFormat (157)
[2018.08.28-15.45.55:790][928]LogModuleManager: Shutting down and abandoning module ShaderFormatVectorVM (155)
[2018.08.28-15.45.55:790][928]LogModuleManager: Shutting down and abandoning module ShaderFormatOpenGL (153)
[2018.08.28-15.45.55:790][928]LogModuleManager: Shutting down and abandoning module ShaderFormatD3D (151)
[2018.08.28-15.45.55:790][928]LogModuleManager: Shutting down and abandoning module MetalShaderFormat (149)
[2018.08.28-15.45.55:790][928]LogModuleManager: Shutting down and abandoning module TextureFormatUncompressed (147)
[2018.08.28-15.45.55:790][928]LogModuleManager: Shutting down and abandoning module TextureFormatPVR (145)
[2018.08.28-15.45.55:790][928]LogModuleManager: Shutting down and abandoning module TextureFormatDXT (143)
[2018.08.28-15.45.55:790][928]LogModuleManager: Shutting down and abandoning module TextureFormatIntelISPCTexComp (141)
[2018.08.28-15.45.55:790][928]LogModuleManager: Shutting down and abandoning module TextureFormatASTC (139)
[2018.08.28-15.45.55:790][928]LogModuleManager: Shutting down and abandoning module ImageWrapper (138)
[2018.08.28-15.45.55:790][928]LogModuleManager: Shutting down and abandoning module TextureFormatAndroid (135)
[2018.08.28-15.45.55:790][928]LogModuleManager: Shutting down and abandoning module AudioFormatOpus (133)
[2018.08.28-15.45.55:790][928]LogModuleManager: Shutting down and abandoning module AudioFormatOgg (131)
[2018.08.28-15.45.55:790][928]LogModuleManager: Shutting down and abandoning module AudioFormatADPCM (129)
[2018.08.28-15.45.55:791][928]LogModuleManager: Shutting down and abandoning module LuminTargetPlatform (127)
[2018.08.28-15.45.55:791][928]LogModuleManager: Shutting down and abandoning module LinuxTargetPlatform (125)
[2018.08.28-15.45.55:791][928]LogModuleManager: Shutting down and abandoning module LinuxServerTargetPlatform (123)
[2018.08.28-15.45.55:791][928]LogModuleManager: Shutting down and abandoning module LinuxNoEditorTargetPlatform (121)
[2018.08.28-15.45.55:791][928]LogModuleManager: Shutting down and abandoning module LinuxClientTargetPlatform (119)
[2018.08.28-15.45.55:791][928]LogModuleManager: Shutting down and abandoning module TVOSTargetPlatform (117)
[2018.08.28-15.45.55:791][928]LogModuleManager: Shutting down and abandoning module Messaging (115)
[2018.08.28-15.45.55:791][928]LogModuleManager: Shutting down and abandoning module IOSTargetPlatform (113)
[2018.08.28-15.45.55:792][928]LogModuleManager: Shutting down and abandoning module HTML5TargetPlatform (111)
[2018.08.28-15.45.55:792][928]LogModuleManager: Shutting down and abandoning module AndroidTargetPlatform (109)
[2018.08.28-15.45.55:798][928]LogModuleManager: Shutting down and abandoning module WindowsTargetPlatform (107)
[2018.08.28-15.45.55:798][928]LogModuleManager: Shutting down and abandoning module WindowsServerTargetPlatform (105)
[2018.08.28-15.45.55:798][928]LogModuleManager: Shutting down and abandoning module WindowsNoEditorTargetPlatform (103)
[2018.08.28-15.45.55:798][928]LogModuleManager: Shutting down and abandoning module WindowsClientTargetPlatform (101)
[2018.08.28-15.45.55:798][928]LogModuleManager: Shutting down and abandoning module MacTargetPlatform (99)
[2018.08.28-15.45.55:798][928]LogModuleManager: Shutting down and abandoning module MacServerTargetPlatform (97)
[2018.08.28-15.45.55:798][928]LogModuleManager: Shutting down and abandoning module MacNoEditorTargetPlatform (95)
[2018.08.28-15.45.55:798][928]LogModuleManager: Shutting down and abandoning module MacClientTargetPlatform (93)
[2018.08.28-15.45.55:798][928]LogModuleManager: Shutting down and abandoning module AllDesktopTargetPlatform (91)
[2018.08.28-15.45.55:798][928]LogModuleManager: Shutting down and abandoning module InputCore (88)
[2018.08.28-15.45.55:798][928]LogModuleManager: Shutting down and abandoning module Settings (86)
[2018.08.28-15.45.55:798][928]LogModuleManager: Shutting down and abandoning module PhysXCooking (84)
[2018.08.28-15.45.55:798][928]LogModuleManager: Shutting down and abandoning module SteamVR (82)
[2018.08.28-15.45.55:798][928]LogModuleManager: Shutting down and abandoning module OculusHMD (80)
[2018.08.28-15.45.55:798][928]LogModuleManager: Shutting down and abandoning module ExampleDeviceProfileSelector (78)
[2018.08.28-15.45.55:798][928]LogModuleManager: Shutting down and abandoning module LauncherChunkInstaller (76)
[2018.08.28-15.45.55:798][928]LogModuleManager: Shutting down and abandoning module OnlineBlueprintSupport (74)
[2018.08.28-15.45.55:798][928]LogModuleManager: Shutting down and abandoning module OnlineSubsystem (70)
[2018.08.28-15.45.55:799][928]LogModuleManager: Shutting down and abandoning module XMPP (65)
[2018.08.28-15.45.55:799][928]LogModuleManager: Shutting down and abandoning module WebSockets (64)
[2018.08.28-15.45.55:825][928]LogModuleManager: Shutting down and abandoning module HTTP (61)
[2018.08.28-15.45.55:825][928]LogHttp: Display: Http module shutting down, but needs to wait on 1 outstanding Http requests:
[2018.08.28-15.45.55:825][928]LogHttp: Display: 	verb=[POST] url=[https://datarouter.ol.epicgames.com/datarouter/api/v1/public/data?SessionID=%7BD6B9B862-4CE5-1B57-5CFB-0CA40E96B4FC%7D&AppID=UEEditor.Rocket.Release&AppVersion=4.20.2-4302132%2B%2B%2BUE4%2BRelease-4.20&UserID=af1ef86b4a3e27c7fc39d4ae10f14bd2%7Ce9df1dfbe87f4a83a936dd74ca24488c%7C69523b5c-1881-4c06-b3b4-3df4160884ef&AppEnvironment=datacollector-binary&UploadType=eteventstream] status=Processing
[2018.08.28-15.45.55:847][928]LogModuleManager: Shutting down and abandoning module SSL (60)
[2018.08.28-15.45.55:848][928]LogModuleManager: Shutting down and abandoning module MagicLeapEmulator (56)
[2018.08.28-15.45.55:848][928]LogModuleManager: Shutting down and abandoning module MagicLeapPrivileges (54)
[2018.08.28-15.45.55:848][928]LogModuleManager: Shutting down and abandoning module MagicLeapIdentity (52)
[2018.08.28-15.45.55:848][928]LogModuleManager: Shutting down and abandoning module MagicLeapHelperVulkan (50)
[2018.08.28-15.45.55:848][928]LogModuleManager: Shutting down and abandoning module MagicLeapHelperOpenGL (48)
[2018.08.28-15.45.55:848][928]LogModuleManager: Shutting down and abandoning module MagicLeapSecureStorage (46)
[2018.08.28-15.45.55:848][928]LogModuleManager: Shutting down and abandoning module MagicLeapGestures (44)
[2018.08.28-15.45.55:848][928]LogModuleManager: Shutting down and abandoning module MagicLeapEyeTracker (42)
[2018.08.28-15.45.55:848][928]LogModuleManager: Shutting down and abandoning module MagicLeapController (40)
[2018.08.28-15.45.55:848][928]LogSlate: Slate User Destroyed.  User Index 0, Is Virtual User: 0
[2018.08.28-15.45.55:848][928]LogSlate: Slate User Destroyed.  User Index 1, Is Virtual User: 0
[2018.08.28-15.45.55:848][928]LogSlate: Slate User Destroyed.  User Index 2, Is Virtual User: 0
[2018.08.28-15.45.55:848][928]LogModuleManager: Shutting down and abandoning module MagicLeap (38)
[2018.08.28-15.45.55:848][928]LogModuleManager: Shutting down and abandoning module AnimationModifiers (36)
[2018.08.28-15.45.55:848][928]LogModuleManager: Shutting down and abandoning module PropertyEditor (35)
[2018.08.28-15.45.55:848][928]LogModuleManager: Shutting down and abandoning module AudioEditor (32)
[2018.08.28-15.45.55:848][928]LogModuleManager: Shutting down and abandoning module TextureCompressor (30)
[2018.08.28-15.45.55:848][928]LogModuleManager: Shutting down and abandoning module ShaderCore (28)
[2018.08.28-15.45.55:848][928]LogModuleManager: Shutting down and abandoning module Landscape (26)
[2018.08.28-15.45.55:848][928]LogModuleManager: Shutting down and abandoning module SlateRHIRenderer (24)
[2018.08.28-15.45.55:849][928]LogModuleManager: Shutting down and abandoning module OpenGLDrv (22)
[2018.08.28-15.45.55:849][928]LogModuleManager: Shutting down and abandoning module D3D11RHI (20)
[2018.08.28-15.45.55:849][928]LogModuleManager: Shutting down and abandoning module AnimGraphRuntime (18)
[2018.08.28-15.45.55:849][928]LogModuleManager: Shutting down and abandoning module Renderer (16)
[2018.08.28-15.45.55:849][928]LogModuleManager: Shutting down and abandoning module Engine (14)
[2018.08.28-15.45.55:849][928]LogModuleManager: Shutting down and abandoning module CoreUObject (12)
[2018.08.28-15.45.55:849][928]LogModuleManager: Shutting down and abandoning module NetworkFile (10)
[2018.08.28-15.45.55:849][928]LogModuleManager: Shutting down and abandoning module CookedIterativeFile (8)
[2018.08.28-15.45.55:849][928]LogModuleManager: Shutting down and abandoning module StreamingFile (6)
[2018.08.28-15.45.55:849][928]LogModuleManager: Shutting down and abandoning module SandboxFile (4)
[2018.08.28-15.45.55:849][928]LogModuleManager: Shutting down and abandoning module PakFile (2)
[2018.08.28-15.45.55:854][928]LogExit: Exiting.
[2018.08.28-15.45.55:870][928]Log file closed, 08/28/18 09:45:55
